[33m❯[39m Building...
[32m✔[39m Building...
[1mInitial chunk files[22m[2m | [22m[1mNames[22m                   [2m | [22m [1mRaw size[22m
[32mstyles.css[39m         [2m | [22m[2mstyles[22m                  [2m | [22m [36m98.27 kB[39m[2m | [22m
[32mpolyfills.js[39m       [2m | [22m[2mpolyfills[22m               [2m | [22m [36m89.77 kB[39m[2m | [22m
[32mmain.js[39m            [2m | [22m[2mmain[22m                    [2m | [22m [36m69.89 kB[39m[2m | [22m
[32mchunk-UOZBHVF3.js[39m  [2m | [22m[2m-[22m                       [2m | [22m  [36m6.51 kB[39m[2m | [22m
[32mchunk-75LD5UAV.js[39m  [2m | [22m[2m-[22m                       [2m | [22m  [36m3.07 kB[39m[2m | [22m
[32mchunk-BL5RM5EM.js[39m  [2m | [22m[2m-[22m                       [2m | [22m[36m277 bytes[39m[2m | [22m
[32mchunk-PZ5AY32C.js[39m  [2m | [22m[2m-[22m                       [2m | [22m[36m234 bytes[39m[2m | [22m

[1m [22m                  [2m | [22m[1mInitial total[22m           [2m | [22m[1m268.02 kB[22m

[1mLazy chunk files[22m   [2m | [22m[1mNames[22m                   [2m | [22m [1mRaw size[22m
[32mchunk-QH6DKKO5.js[39m  [2m | [22m[2mproduct-detail-component[22m[2m | [22m [36m41.90 kB[39m[2m | [22m
[32mchunk-OVYRUC6W.js[39m  [2m | [22m[2mproducts-component[22m      [2m | [22m [36m39.11 kB[39m[2m | [22m
[32mchunk-NKJQJMV7.js[39m  [2m | [22m[2mcategories-component[22m    [2m | [22m [36m37.72 kB[39m[2m | [22m
[32mchunk-VVR3IDBW.js[39m  [2m | [22m[2mcheckout-component[22m      [2m | [22m [36m33.19 kB[39m[2m | [22m
[32mchunk-22N33TJJ.js[39m  [2m | [22m[2mproduct-list-component[22m  [2m | [22m [36m28.74 kB[39m[2m | [22m
[32mchunk-6USZPS5S.js[39m  [2m | [22m[2mhome-component[22m          [2m | [22m [36m27.12 kB[39m[2m | [22m
[32mchunk-PYCOBCRS.js[39m  [2m | [22m[2mbanners-component[22m       [2m | [22m [36m25.75 kB[39m[2m | [22m
[32mchunk-3U7KW56A.js[39m  [2m | [22m[2mprofile-component[22m       [2m | [22m [36m23.75 kB[39m[2m | [22m
[32mchunk-W2Q24MGJ.js[39m  [2m | [22m[2mcart-component[22m          [2m | [22m [36m21.21 kB[39m[2m | [22m
[32mchunk-4HK3KLMG.js[39m  [2m | [22m[2mcategory-list-component[22m [2m | [22m [36m17.70 kB[39m[2m | [22m
[32mchunk-KVJGNJG7.js[39m  [2m | [22m[2morders-component[22m        [2m | [22m [36m17.09 kB[39m[2m | [22m
[32mchunk-JKW5MWYV.js[39m  [2m | [22m[2morders-component[22m        [2m | [22m [36m16.23 kB[39m[2m | [22m
[32mchunk-STEADLHZ.js[39m  [2m | [22m[2madd-admin-component[22m     [2m | [22m [36m14.46 kB[39m[2m | [22m
[32mchunk-GQNKMZAF.js[39m  [2m | [22m[2msearch-component[22m        [2m | [22m [36m13.92 kB[39m[2m | [22m
[32mchunk-VVI2WCRP.js[39m  [2m | [22m[2moffers-component[22m        [2m | [22m [36m13.38 kB[39m[2m | [22m
[2m...and 8 more lazy chunks files. Use "--verbose" to show all the files.[22m

Application bundle generation complete. [12.300 seconds]

Watch mode enabled. Watching for file changes...
NOTE: Raw file sizes do not reflect development server per-request transformations.
  [32m➜[39m  [1mLocal[22m:   [36mhttp://localhost:[1m4200[22m/[39m
  [32m➜[39m  [1mNetwork[22m: [36mhttp://192.168.1.3:[1m4200[22m/[39m
[33m❯[39m Changes detected. Rebuilding...
[32m✔[39m Changes detected. Rebuilding...
[1mInitial chunk files[22m[2m | [22m[1mNames[22m         [2m | [22m[1mRaw size[22m
[32mmain.js[39m            [2m | [22m[2mmain[22m          [2m | [22m[36m69.89 kB[39m[2m | [22m

[1mLazy chunk files[22m   [2m | [22m[1mNames[22m         [2m | [22m[1mRaw size[22m
[32mchunk-YWX3V5XE.js[39m  [2m | [22m[2mhome-component[22m[2m | [22m[36m27.20 kB[39m[2m | [22m

Application bundle generation complete. [18.055 seconds]

Component update sent to client(s).
[33m❯[39m Changes detected. Rebuilding...
[32m✔[39m Changes detected. Rebuilding...
[1mInitial chunk files[22m[2m | [22m[1mNames[22m         [2m | [22m[1mRaw size[22m
[32mmain.js[39m            [2m | [22m[2mmain[22m          [2m | [22m[36m69.89 kB[39m[2m | [22m

[1mLazy chunk files[22m   [2m | [22m[1mNames[22m         [2m | [22m[1mRaw size[22m
[32mchunk-2NDUJMQ7.js[39m  [2m | [22m[2mhome-component[22m[2m | [22m[36m26.78 kB[39m[2m | [22m

Application bundle generation complete. [0.640 seconds]

Component update sent to client(s).
[33m❯[39m Changes detected. Rebuilding...
[32m✔[39m Changes detected. Rebuilding...
[1mInitial chunk files[22m[2m | [22m[1mNames[22m         [2m | [22m[1mRaw size[22m
[32mmain.js[39m            [2m | [22m[2mmain[22m          [2m | [22m[36m69.89 kB[39m[2m | [22m

[1mLazy chunk files[22m   [2m | [22m[1mNames[22m         [2m | [22m[1mRaw size[22m
[32mchunk-DD4DCL7I.js[39m  [2m | [22m[2mhome-component[22m[2m | [22m[36m35.62 kB[39m[2m | [22m

Application bundle generation complete. [2.770 seconds]

Page reload sent to client(s).
[33m❯[39m Changes detected. Rebuilding...
[32m✔[39m Changes detected. Rebuilding...
[1mInitial chunk files[22m[2m | [22m[1mNames[22m         [2m | [22m[1mRaw size[22m
[32mmain.js[39m            [2m | [22m[2mmain[22m          [2m | [22m[36m69.89 kB[39m[2m | [22m

[1mLazy chunk files[22m   [2m | [22m[1mNames[22m         [2m | [22m[1mRaw size[22m
[32mchunk-PI3FHDPB.js[39m  [2m | [22m[2mhome-component[22m[2m | [22m[36m35.58 kB[39m[2m | [22m

Application bundle generation complete. [1.489 seconds]

Component update sent to client(s).
[33m❯[39m Changes detected. Rebuilding...
[32m✔[39m Changes detected. Rebuilding...
[1mInitial chunk files[22m[2m | [22m[1mNames[22m         [2m | [22m[1mRaw size[22m
[32mmain.js[39m            [2m | [22m[2mmain[22m          [2m | [22m[36m69.89 kB[39m[2m | [22m

[1mLazy chunk files[22m   [2m | [22m[1mNames[22m         [2m | [22m[1mRaw size[22m
[32mchunk-FRM6GJ5O.js[39m  [2m | [22m[2mhome-component[22m[2m | [22m[36m36.75 kB[39m[2m | [22m

Application bundle generation complete. [0.888 seconds]

Component update sent to client(s).
[33m❯[39m Changes detected. Rebuilding...
[32m✔[39m Changes detected. Rebuilding...
Application bundle generation failed. [2.322 seconds]

[33m❯[39m Changes detected. Rebuilding...
[32m✔[39m Changes detected. Rebuilding...
Application bundle generation failed. [0.920 seconds]

[33m❯[39m Changes detected. Rebuilding...
[32m✔[39m Changes detected. Rebuilding...
Application bundle generation failed. [0.606 seconds]

[33m❯[39m Changes detected. Rebuilding...
[32m✔[39m Changes detected. Rebuilding...
Application bundle generation failed. [1.854 seconds]

[33m❯[39m Changes detected. Rebuilding...
[32m✔[39m Changes detected. Rebuilding...
[1mInitial chunk files[22m[2m | [22m[1mNames[22m                   [2m | [22m [1mRaw size[22m
[32mstyles.css[39m         [2m | [22m[2mstyles[22m                  [2m | [22m [36m98.27 kB[39m[2m | [22m
[32mpolyfills.js[39m       [2m | [22m[2mpolyfills[22m               [2m | [22m [36m89.77 kB[39m[2m | [22m
[32mmain.js[39m            [2m | [22m[2mmain[22m                    [2m | [22m [36m69.89 kB[39m[2m | [22m
[32mchunk-UOZBHVF3.js[39m  [2m | [22m[2m-[22m                       [2m | [22m  [36m6.51 kB[39m[2m | [22m
[32mchunk-75LD5UAV.js[39m  [2m | [22m[2m-[22m                       [2m | [22m  [36m3.07 kB[39m[2m | [22m
[32mchunk-BL5RM5EM.js[39m  [2m | [22m[2m-[22m                       [2m | [22m[36m277 bytes[39m[2m | [22m
[32mchunk-PZ5AY32C.js[39m  [2m | [22m[2m-[22m                       [2m | [22m[36m234 bytes[39m[2m | [22m

[1m [22m                  [2m | [22m[1mInitial total[22m           [2m | [22m[1m268.02 kB[22m

[1mLazy chunk files[22m   [2m | [22m[1mNames[22m                   [2m | [22m [1mRaw size[22m
[32mchunk-QH6DKKO5.js[39m  [2m | [22m[2mproduct-detail-component[22m[2m | [22m [36m41.90 kB[39m[2m | [22m
[32mchunk-OVYRUC6W.js[39m  [2m | [22m[2mproducts-component[22m      [2m | [22m [36m39.11 kB[39m[2m | [22m
[32mchunk-NKJQJMV7.js[39m  [2m | [22m[2mcategories-component[22m    [2m | [22m [36m37.72 kB[39m[2m | [22m
[32mchunk-FRM6GJ5O.js[39m  [2m | [22m[2mhome-component[22m          [2m | [22m [36m36.75 kB[39m[2m | [22m
[32mchunk-VVR3IDBW.js[39m  [2m | [22m[2mcheckout-component[22m      [2m | [22m [36m33.19 kB[39m[2m | [22m
[32mchunk-22N33TJJ.js[39m  [2m | [22m[2mproduct-list-component[22m  [2m | [22m [36m28.74 kB[39m[2m | [22m
[32mchunk-PYCOBCRS.js[39m  [2m | [22m[2mbanners-component[22m       [2m | [22m [36m25.75 kB[39m[2m | [22m
[32mchunk-3U7KW56A.js[39m  [2m | [22m[2mprofile-component[22m       [2m | [22m [36m23.75 kB[39m[2m | [22m
[32mchunk-W2Q24MGJ.js[39m  [2m | [22m[2mcart-component[22m          [2m | [22m [36m21.21 kB[39m[2m | [22m
[32mchunk-LNOV7IU6.js[39m  [2m | [22m[2mcategory-list-component[22m [2m | [22m [36m18.58 kB[39m[2m | [22m
[32mchunk-KVJGNJG7.js[39m  [2m | [22m[2morders-component[22m        [2m | [22m [36m17.09 kB[39m[2m | [22m
[32mchunk-JKW5MWYV.js[39m  [2m | [22m[2morders-component[22m        [2m | [22m [36m16.23 kB[39m[2m | [22m
[32mchunk-STEADLHZ.js[39m  [2m | [22m[2madd-admin-component[22m     [2m | [22m [36m14.46 kB[39m[2m | [22m
[32mchunk-GQNKMZAF.js[39m  [2m | [22m[2msearch-component[22m        [2m | [22m [36m13.92 kB[39m[2m | [22m
[32mchunk-VVI2WCRP.js[39m  [2m | [22m[2moffers-component[22m        [2m | [22m [36m13.38 kB[39m[2m | [22m
[2m...and 8 more lazy chunks files. Use "--verbose" to show all the files.[22m

Application bundle generation complete. [1.374 seconds]

Page reload sent to client(s).
