[1m[33m
Warning: This is a simple server for use in testing or debugging Angular applications
locally. It hasn't been reviewed for security issues.

Binding this server to an open connection can result in compromising your application or
computer. Using a different host than the one passed to the "--host" flag might result in
websocket connection issues. You might need to use "--disable-host-check" if that's the
case.
    [39m[22m
[1m[33mComponent HMR has been enabled, see https://angular.dev/hmr for more info.[39m[22m
[1m[33m[33m▲ [43;33m[[43;30mWARNING[43;33m][0m [1mDeprecation[0m [1m[35m[plugin angular-sass][0m

    src/styles/styles.scss:1:8:
[37m      1 │ @import [32m[37m'variables';
        ╵         [32m^[0m


  Sass @import rules are deprecated and will be removed in Dart Sass 3.0.0.
  
  More info and automated migrator: [4mhttps://sass-lang.com/d/import[0m

  The plugin "angular-sass" was triggered by this import

    angular:styles/global:styles:2:8:
[37m      2 │ @import [32m'src/styles/styles.scss'[37m;
        ╵         [32m~~~~~~~~~~~~~~~~~~~~~~~~[0m


[33m▲ [43;33m[[43;30mWARNING[43;33m][0m [1mDeprecation[0m [1m[35m[plugin angular-sass][0m

    src/styles/styles.scss:2:8:
[37m      2 │ @import [32m[37m'mixins';
        ╵         [32m^[0m


  Sass @import rules are deprecated and will be removed in Dart Sass 3.0.0.
  
  More info and automated migrator: [4mhttps://sass-lang.com/d/import[0m

  The plugin "angular-sass" was triggered by this import

    angular:styles/global:styles:2:8:
[37m      2 │ @import [32m'src/styles/styles.scss'[37m;
        ╵         [32m~~~~~~~~~~~~~~~~~~~~~~~~[0m


[33m▲ [43;33m[[43;30mWARNING[43;33m][0m [1mDeprecation[0m [1m[35m[plugin angular-sass][0m

    src/styles/styles.scss:3:8:
[37m      3 │ @import [32m[37m'base';
        ╵         [32m^[0m


  Sass @import rules are deprecated and will be removed in Dart Sass 3.0.0.
  
  More info and automated migrator: [4mhttps://sass-lang.com/d/import[0m

  The plugin "angular-sass" was triggered by this import

    angular:styles/global:styles:2:8:
[37m      2 │ @import [32m'src/styles/styles.scss'[37m;
        ╵         [32m~~~~~~~~~~~~~~~~~~~~~~~~[0m


[33m▲ [43;33m[[43;30mWARNING[43;33m][0m [1mDeprecation[0m [1m[35m[plugin angular-sass][0m

    src/styles/styles.scss:4:8:
[37m      4 │ @import [32m[37m'components';
        ╵         [32m^[0m


  Sass @import rules are deprecated and will be removed in Dart Sass 3.0.0.
  
  More info and automated migrator: [4mhttps://sass-lang.com/d/import[0m

  The plugin "angular-sass" was triggered by this import

    angular:styles/global:styles:2:8:
[37m      2 │ @import [32m'src/styles/styles.scss'[37m;
        ╵         [32m~~~~~~~~~~~~~~~~~~~~~~~~[0m

[39m[22m
[1m[33m[33m▲ [43;33m[[43;30mWARNING[43;33m][0m [1mDeprecation[0m [1m[35m[plugin angular-sass][0m

    src/styles/styles.scss:1:8:
[37m      1 │ @import [32m[37m'variables';
        ╵         [32m^[0m


  Sass @import rules are deprecated and will be removed in Dart Sass 3.0.0.
  
  More info and automated migrator: [4mhttps://sass-lang.com/d/import[0m

  The plugin "angular-sass" was triggered by this import

    angular:styles/global:styles:2:8:
[37m      2 │ @import [32m'src/styles/styles.scss'[37m;
        ╵         [32m~~~~~~~~~~~~~~~~~~~~~~~~[0m


[33m▲ [43;33m[[43;30mWARNING[43;33m][0m [1mDeprecation[0m [1m[35m[plugin angular-sass][0m

    src/styles/styles.scss:2:8:
[37m      2 │ @import [32m[37m'mixins';
        ╵         [32m^[0m


  Sass @import rules are deprecated and will be removed in Dart Sass 3.0.0.
  
  More info and automated migrator: [4mhttps://sass-lang.com/d/import[0m

  The plugin "angular-sass" was triggered by this import

    angular:styles/global:styles:2:8:
[37m      2 │ @import [32m'src/styles/styles.scss'[37m;
        ╵         [32m~~~~~~~~~~~~~~~~~~~~~~~~[0m


[33m▲ [43;33m[[43;30mWARNING[43;33m][0m [1mDeprecation[0m [1m[35m[plugin angular-sass][0m

    src/styles/styles.scss:3:8:
[37m      3 │ @import [32m[37m'base';
        ╵         [32m^[0m


  Sass @import rules are deprecated and will be removed in Dart Sass 3.0.0.
  
  More info and automated migrator: [4mhttps://sass-lang.com/d/import[0m

  The plugin "angular-sass" was triggered by this import

    angular:styles/global:styles:2:8:
[37m      2 │ @import [32m'src/styles/styles.scss'[37m;
        ╵         [32m~~~~~~~~~~~~~~~~~~~~~~~~[0m


[33m▲ [43;33m[[43;30mWARNING[43;33m][0m [1mDeprecation[0m [1m[35m[plugin angular-sass][0m

    src/styles/styles.scss:4:8:
[37m      4 │ @import [32m[37m'components';
        ╵         [32m^[0m


  Sass @import rules are deprecated and will be removed in Dart Sass 3.0.0.
  
  More info and automated migrator: [4mhttps://sass-lang.com/d/import[0m

  The plugin "angular-sass" was triggered by this import

    angular:styles/global:styles:2:8:
[37m      2 │ @import [32m'src/styles/styles.scss'[37m;
        ╵         [32m~~~~~~~~~~~~~~~~~~~~~~~~[0m

[39m[22m
