
  .   ____          _            __ _ _
 /\\ / ___'_ __ _ _(_)_ __  __ _ \ \ \ \
( ( )\___ | '_ | '_| | '_ \/ _` | \ \ \ \
 \\/  ___)| |_)| | | | | || (_| |  ) ) ) )
  '  |____| .__|_| |_|_| |_\__, | / / / /
 =========|_|==============|___/=/_/_/_/
 :: Spring Boot ::                (v3.2.0)

2026-05-18T21:22:08.790+05:30  INFO 17920 --- [           main] com.ecommerce.EcommerceApplication       : Starting EcommerceApplication v1.0.0 using Java 17.0.4 with PID 17920 (C:\Users\alial\Desktop\sifr-ecom\sifr\backend\target\ecommerce-backend-1.0.0.jar started by alial in C:\Users\alial\Desktop\sifr-ecom)
2026-05-18T21:22:08.800+05:30 DEBUG 17920 --- [           main] com.ecommerce.EcommerceApplication       : Running with Spring Boot v3.2.0, Spring v6.1.1
2026-05-18T21:22:08.804+05:30  INFO 17920 --- [           main] com.ecommerce.EcommerceApplication       : No active profile set, falling back to 1 default profile: "default"
2026-05-18T21:22:10.177+05:30  INFO 17920 --- [           main] .s.d.r.c.RepositoryConfigurationDelegate : Bootstrapping Spring Data MongoDB repositories in DEFAULT mode.
2026-05-18T21:22:10.286+05:30  INFO 17920 --- [           main] .s.d.r.c.RepositoryConfigurationDelegate : Finished Spring Data repository scanning in 99 ms. Found 7 MongoDB repository interfaces.
2026-05-18T21:22:11.064+05:30  INFO 17920 --- [           main] o.s.b.w.embedded.tomcat.TomcatWebServer  : Tomcat initialized with port 8080 (http)
2026-05-18T21:22:11.074+05:30  INFO 17920 --- [           main] o.apache.catalina.core.StandardService   : Starting service [Tomcat]
2026-05-18T21:22:11.075+05:30  INFO 17920 --- [           main] o.apache.catalina.core.StandardEngine    : Starting Servlet engine: [Apache Tomcat/10.1.16]
2026-05-18T21:22:11.143+05:30  INFO 17920 --- [           main] o.a.c.c.C.[Tomcat].[localhost].[/api]    : Initializing Spring embedded WebApplicationContext
2026-05-18T21:22:11.146+05:30  INFO 17920 --- [           main] w.s.c.ServletWebServerApplicationContext : Root WebApplicationContext: initialization completed in 2216 ms
2026-05-18T21:22:11.396+05:30  INFO 17920 --- [           main] org.mongodb.driver.client                : MongoClient with metadata {"driver": {"name": "mongo-java-driver|sync|spring-boot", "version": "4.11.1"}, "os": {"type": "Windows", "name": "Windows 11", "architecture": "amd64", "version": "10.0"}, "platform": "Java/Eclipse Adoptium/17.0.4+8"} created with settings MongoClientSettings{readPreference=primary, writeConcern=WriteConcern{w=null, wTimeout=null ms, journal=null}, retryWrites=true, retryReads=true, readConcern=ReadConcern{level=null}, credential=null, transportSettings=null, streamFactoryFactory=null, commandListeners=[], codecRegistry=ProvidersCodecRegistry{codecProviders=[ValueCodecProvider{}, BsonValueCodecProvider{}, DBRefCodecProvider{}, DBObjectCodecProvider{}, DocumentCodecProvider{}, CollectionCodecProvider{}, IterableCodecProvider{}, MapCodecProvider{}, GeoJsonCodecProvider{}, GridFSFileCodecProvider{}, Jsr310CodecProvider{}, JsonObjectCodecProvider{}, BsonCodecProvider{}, EnumCodecProvider{}, com.mongodb.client.model.mql.ExpressionCodecProvider@72543547, com.mongodb.Jep395RecordCodecProvider@3d88e6b9, com.mongodb.KotlinCodecProvider@22bf9122]}, loggerSettings=LoggerSettings{maxDocumentLength=1000}, clusterSettings={hosts=[localhost:27017], srvServiceName=mongodb, mode=SINGLE, requiredClusterType=UNKNOWN, requiredReplicaSetName='null', serverSelector='null', clusterListeners='[]', serverSelectionTimeout='30000 ms', localThreshold='15 ms'}, socketSettings=SocketSettings{connectTimeoutMS=10000, readTimeoutMS=0, receiveBufferSize=0, proxySettings=ProxySettings{host=null, port=null, username=null, password=null}}, heartbeatSocketSettings=SocketSettings{connectTimeoutMS=10000, readTimeoutMS=10000, receiveBufferSize=0, proxySettings=ProxySettings{host=null, port=null, username=null, password=null}}, connectionPoolSettings=ConnectionPoolSettings{maxSize=100, minSize=0, maxWaitTimeMS=120000, maxConnectionLifeTimeMS=0, maxConnectionIdleTimeMS=0, maintenanceInitialDelayMS=0, maintenanceFrequencyMS=60000, connectionPoolListeners=[], maxConnecting=2}, serverSettings=ServerSettings{heartbeatFrequencyMS=10000, minHeartbeatFrequencyMS=500, serverListeners='[]', serverMonitorListeners='[]'}, sslSettings=SslSettings{enabled=false, invalidHostNameAllowed=false, context=null}, applicationName='null', compressorList=[], uuidRepresentation=JAVA_LEGACY, serverApi=null, autoEncryptionSettings=null, dnsClient=null, inetAddressResolver=null, contextProvider=null}
2026-05-18T21:22:11.452+05:30  INFO 17920 --- [localhost:27017] org.mongodb.driver.cluster               : Monitor thread successfully connected to server with description ServerDescription{address=localhost:27017, type=STANDALONE, state=CONNECTED, ok=true, minWireVersion=0, maxWireVersion=25, maxDocumentSize=16777216, logicalSessionTimeoutMinutes=30, roundTripTimeNanos=41272300}
2026-05-18T21:22:12.098+05:30 DEBUG 17920 --- [           main] c.e.security.JwtAuthenticationFilter     : Filter 'jwtAuthenticationFilter' configured for use
2026-05-18T21:22:12.945+05:30  INFO 17920 --- [           main] o.s.s.web.DefaultSecurityFilterChain     : Will secure any request with [org.springframework.security.web.session.DisableEncodeUrlFilter@1fb6b8fb, org.springframework.security.web.context.request.async.WebAsyncManagerIntegrationFilter@149d7cc6, org.springframework.security.web.context.SecurityContextHolderFilter@5f935d49, org.springframework.security.web.header.HeaderWriterFilter@6ce9771c, org.springframework.web.filter.CorsFilter@58a7dc4, org.springframework.web.filter.CorsFilter@58a7dc4, org.springframework.security.web.authentication.logout.LogoutFilter@27d98bef, com.ecommerce.security.JwtAuthenticationFilter@1291aab5, org.springframework.security.web.savedrequest.RequestCacheAwareFilter@3dc46f24, org.springframework.security.web.servletapi.SecurityContextHolderAwareRequestFilter@76af34b5, org.springframework.security.web.authentication.AnonymousAuthenticationFilter@1a10c47e, org.springframework.security.web.session.SessionManagementFilter@7d522180, org.springframework.security.web.access.ExceptionTranslationFilter@4ced17f3, org.springframework.security.web.access.intercept.AuthorizationFilter@671d97bc]
2026-05-18T21:22:13.256+05:30  INFO 17920 --- [           main] o.s.b.w.embedded.tomcat.TomcatWebServer  : Tomcat started on port 8080 (http) with context path '/api'
2026-05-18T21:22:13.282+05:30  INFO 17920 --- [           main] com.ecommerce.EcommerceApplication       : Started EcommerceApplication in 5.345 seconds (process running for 5.946)
2026-05-18T21:22:13.850+05:30  INFO 17920 --- [           main] com.ecommerce.config.DataInitializer     : Category hierarchy seeded
2026-05-18T21:22:14.068+05:30  INFO 17920 --- [           main] com.ecommerce.config.DataInitializer     : Seeded 10 products
2026-05-18T21:22:14.086+05:30  INFO 17920 --- [           main] com.ecommerce.config.DataInitializer     : Seeded 3 banners
2026-05-18T21:25:04.619+05:30  INFO 17920 --- [nio-8080-exec-1] o.a.c.c.C.[Tomcat].[localhost].[/api]    : Initializing Spring DispatcherServlet 'dispatcherServlet'
2026-05-18T21:25:04.620+05:30  INFO 17920 --- [nio-8080-exec-1] o.s.web.servlet.DispatcherServlet        : Initializing Servlet 'dispatcherServlet'
2026-05-18T21:25:04.621+05:30  INFO 17920 --- [nio-8080-exec-1] o.s.web.servlet.DispatcherServlet        : Completed initialization in 1 ms
2026-05-18T21:25:04.636+05:30 DEBUG 17920 --- [nio-8080-exec-1] o.s.security.web.FilterChainProxy        : Securing GET /categories
2026-05-18T21:25:04.646+05:30 DEBUG 17920 --- [nio-8080-exec-1] o.s.s.w.a.AnonymousAuthenticationFilter  : Set SecurityContextHolder to anonymous SecurityContext
2026-05-18T21:25:04.648+05:30  WARN 17920 --- [nio-8080-exec-1] o.s.w.s.h.HandlerMappingIntrospector     : Cache miss for REQUEST dispatch to '/api/categories' (previous null). Performing MatchableHandlerMapping lookup. This is logged once only at WARN level, and every time at TRACE.
2026-05-18T21:25:04.668+05:30 DEBUG 17920 --- [nio-8080-exec-1] o.s.security.web.FilterChainProxy        : Secured GET /categories
2026-05-18T21:25:17.483+05:30 DEBUG 17920 --- [nio-8080-exec-3] o.s.security.web.FilterChainProxy        : Securing GET /categories
2026-05-18T21:25:17.485+05:30 DEBUG 17920 --- [nio-8080-exec-3] o.s.s.w.a.AnonymousAuthenticationFilter  : Set SecurityContextHolder to anonymous SecurityContext
2026-05-18T21:25:17.486+05:30 DEBUG 17920 --- [nio-8080-exec-3] o.s.security.web.FilterChainProxy        : Secured GET /categories
2026-05-18T21:25:34.382+05:30 DEBUG 17920 --- [nio-8080-exec-5] o.s.security.web.FilterChainProxy        : Securing GET /banners/active
2026-05-18T21:25:34.385+05:30 DEBUG 17920 --- [nio-8080-exec-7] o.s.security.web.FilterChainProxy        : Securing GET /products/featured
2026-05-18T21:25:34.388+05:30 DEBUG 17920 --- [nio-8080-exec-6] o.s.security.web.FilterChainProxy        : Securing GET /categories/tree
2026-05-18T21:25:34.409+05:30 DEBUG 17920 --- [nio-8080-exec-7] o.s.s.w.a.AnonymousAuthenticationFilter  : Set SecurityContextHolder to anonymous SecurityContext
2026-05-18T21:25:34.409+05:30 DEBUG 17920 --- [nio-8080-exec-6] o.s.s.w.a.AnonymousAuthenticationFilter  : Set SecurityContextHolder to anonymous SecurityContext
2026-05-18T21:25:34.412+05:30 DEBUG 17920 --- [nio-8080-exec-7] o.s.security.web.FilterChainProxy        : Secured GET /products/featured
2026-05-18T21:25:34.413+05:30 DEBUG 17920 --- [nio-8080-exec-6] o.s.security.web.FilterChainProxy        : Secured GET /categories/tree
2026-05-18T21:25:34.419+05:30 DEBUG 17920 --- [nio-8080-exec-5] o.s.s.w.a.AnonymousAuthenticationFilter  : Set SecurityContextHolder to anonymous SecurityContext
2026-05-18T21:25:34.422+05:30 DEBUG 17920 --- [nio-8080-exec-5] o.s.security.web.FilterChainProxy        : Secured GET /banners/active
2026-05-18T21:25:34.495+05:30 DEBUG 17920 --- [nio-8080-exec-9] o.s.security.web.FilterChainProxy        : Securing GET /uploads/banner2.svg
2026-05-18T21:25:34.497+05:30 DEBUG 17920 --- [nio-8080-exec-8] o.s.security.web.FilterChainProxy        : Securing GET /uploads/banner1.svg
2026-05-18T21:25:34.497+05:30 DEBUG 17920 --- [nio-8080-exec-9] o.s.s.w.a.AnonymousAuthenticationFilter  : Set SecurityContextHolder to anonymous SecurityContext
2026-05-18T21:25:34.497+05:30 DEBUG 17920 --- [io-8080-exec-10] o.s.security.web.FilterChainProxy        : Securing GET /uploads/banner3.svg
2026-05-18T21:25:34.500+05:30 DEBUG 17920 --- [nio-8080-exec-8] o.s.s.w.a.AnonymousAuthenticationFilter  : Set SecurityContextHolder to anonymous SecurityContext
2026-05-18T21:25:34.511+05:30 DEBUG 17920 --- [io-8080-exec-10] o.s.s.w.a.AnonymousAuthenticationFilter  : Set SecurityContextHolder to anonymous SecurityContext
2026-05-18T21:25:34.536+05:30 DEBUG 17920 --- [nio-8080-exec-9] o.s.security.web.FilterChainProxy        : Secured GET /uploads/banner2.svg
2026-05-18T21:25:34.544+05:30 DEBUG 17920 --- [io-8080-exec-10] o.s.security.web.FilterChainProxy        : Secured GET /uploads/banner3.svg
2026-05-18T21:25:34.555+05:30 DEBUG 17920 --- [nio-8080-exec-8] o.s.security.web.FilterChainProxy        : Secured GET /uploads/banner1.svg
2026-05-18T21:25:34.623+05:30 DEBUG 17920 --- [nio-8080-exec-1] o.s.security.web.FilterChainProxy        : Securing GET /uploads/men.svg
2026-05-18T21:25:34.623+05:30 DEBUG 17920 --- [nio-8080-exec-3] o.s.security.web.FilterChainProxy        : Securing GET /uploads/beauty.svg
2026-05-18T21:25:34.628+05:30 DEBUG 17920 --- [nio-8080-exec-3] o.s.s.w.a.AnonymousAuthenticationFilter  : Set SecurityContextHolder to anonymous SecurityContext
2026-05-18T21:25:34.623+05:30 DEBUG 17920 --- [nio-8080-exec-4] o.s.security.web.FilterChainProxy        : Securing GET /uploads/travel.svg
2026-05-18T21:25:34.626+05:30 DEBUG 17920 --- [nio-8080-exec-2] o.s.security.web.FilterChainProxy        : Securing GET /uploads/women.svg
2026-05-18T21:25:34.627+05:30 DEBUG 17920 --- [nio-8080-exec-1] o.s.s.w.a.AnonymousAuthenticationFilter  : Set SecurityContextHolder to anonymous SecurityContext
2026-05-18T21:25:34.631+05:30 DEBUG 17920 --- [nio-8080-exec-2] o.s.s.w.a.AnonymousAuthenticationFilter  : Set SecurityContextHolder to anonymous SecurityContext
2026-05-18T21:25:34.630+05:30 DEBUG 17920 --- [nio-8080-exec-4] o.s.s.w.a.AnonymousAuthenticationFilter  : Set SecurityContextHolder to anonymous SecurityContext
2026-05-18T21:25:34.636+05:30 DEBUG 17920 --- [nio-8080-exec-1] o.s.security.web.FilterChainProxy        : Secured GET /uploads/men.svg
2026-05-18T21:25:34.637+05:30 DEBUG 17920 --- [nio-8080-exec-5] o.s.security.web.FilterChainProxy        : Securing GET /uploads/electronics.svg
2026-05-18T21:25:34.645+05:30 DEBUG 17920 --- [nio-8080-exec-4] o.s.security.web.FilterChainProxy        : Secured GET /uploads/travel.svg
2026-05-18T21:25:34.647+05:30 DEBUG 17920 --- [nio-8080-exec-5] o.s.s.w.a.AnonymousAuthenticationFilter  : Set SecurityContextHolder to anonymous SecurityContext
2026-05-18T21:25:34.650+05:30 DEBUG 17920 --- [nio-8080-exec-2] o.s.security.web.FilterChainProxy        : Secured GET /uploads/women.svg
2026-05-18T21:25:34.650+05:30 DEBUG 17920 --- [nio-8080-exec-3] o.s.security.web.FilterChainProxy        : Secured GET /uploads/beauty.svg
2026-05-18T21:25:34.656+05:30 DEBUG 17920 --- [nio-8080-exec-8] o.s.security.web.FilterChainProxy        : Securing GET /uploads/home.svg
2026-05-18T21:25:34.656+05:30 DEBUG 17920 --- [nio-8080-exec-9] o.s.security.web.FilterChainProxy        : Securing GET /uploads/books.svg
2026-05-18T21:25:34.659+05:30 DEBUG 17920 --- [nio-8080-exec-5] o.s.security.web.FilterChainProxy        : Secured GET /uploads/electronics.svg
2026-05-18T21:25:34.665+05:30 DEBUG 17920 --- [nio-8080-exec-9] o.s.s.w.a.AnonymousAuthenticationFilter  : Set SecurityContextHolder to anonymous SecurityContext
2026-05-18T21:25:34.663+05:30 DEBUG 17920 --- [nio-8080-exec-6] o.s.security.web.FilterChainProxy        : Securing GET /uploads/sports.svg
2026-05-18T21:25:34.666+05:30 DEBUG 17920 --- [nio-8080-exec-6] o.s.s.w.a.AnonymousAuthenticationFilter  : Set SecurityContextHolder to anonymous SecurityContext
2026-05-18T21:25:34.664+05:30 DEBUG 17920 --- [nio-8080-exec-8] o.s.s.w.a.AnonymousAuthenticationFilter  : Set SecurityContextHolder to anonymous SecurityContext
2026-05-18T21:25:34.668+05:30 DEBUG 17920 --- [nio-8080-exec-9] o.s.security.web.FilterChainProxy        : Secured GET /uploads/books.svg
2026-05-18T21:25:34.688+05:30 DEBUG 17920 --- [nio-8080-exec-8] o.s.security.web.FilterChainProxy        : Secured GET /uploads/home.svg
2026-05-18T21:25:34.692+05:30 DEBUG 17920 --- [nio-8080-exec-6] o.s.security.web.FilterChainProxy        : Secured GET /uploads/sports.svg
2026-05-18T21:25:34.746+05:30 DEBUG 17920 --- [io-8080-exec-10] o.s.security.web.FilterChainProxy        : Securing GET /uploads/laptop.svg
2026-05-18T21:25:34.752+05:30 DEBUG 17920 --- [io-8080-exec-10] o.s.s.w.a.AnonymousAuthenticationFilter  : Set SecurityContextHolder to anonymous SecurityContext
2026-05-18T21:25:34.762+05:30 DEBUG 17920 --- [nio-8080-exec-1] o.s.security.web.FilterChainProxy        : Securing GET /uploads/phone.svg
2026-05-18T21:25:34.762+05:30 DEBUG 17920 --- [nio-8080-exec-1] o.s.s.w.a.AnonymousAuthenticationFilter  : Set SecurityContextHolder to anonymous SecurityContext
2026-05-18T21:25:34.765+05:30 DEBUG 17920 --- [nio-8080-exec-2] o.s.security.web.FilterChainProxy        : Securing GET /uploads/tshirt.svg
2026-05-18T21:25:34.767+05:30 DEBUG 17920 --- [nio-8080-exec-2] o.s.s.w.a.AnonymousAuthenticationFilter  : Set SecurityContextHolder to anonymous SecurityContext
2026-05-18T21:25:34.772+05:30 DEBUG 17920 --- [nio-8080-exec-3] o.s.security.web.FilterChainProxy        : Securing GET /uploads/blender.svg
2026-05-18T21:25:34.773+05:30 DEBUG 17920 --- [nio-8080-exec-3] o.s.s.w.a.AnonymousAuthenticationFilter  : Set SecurityContextHolder to anonymous SecurityContext
2026-05-18T21:25:34.781+05:30 DEBUG 17920 --- [nio-8080-exec-4] o.s.security.web.FilterChainProxy        : Securing GET /uploads/cookbook.svg
2026-05-18T21:25:34.782+05:30 DEBUG 17920 --- [nio-8080-exec-4] o.s.s.w.a.AnonymousAuthenticationFilter  : Set SecurityContextHolder to anonymous SecurityContext
2026-05-18T21:25:34.783+05:30 DEBUG 17920 --- [nio-8080-exec-5] o.s.security.web.FilterChainProxy        : Securing GET /uploads/sneakers.svg
2026-05-18T21:25:34.784+05:30 DEBUG 17920 --- [nio-8080-exec-5] o.s.s.w.a.AnonymousAuthenticationFilter  : Set SecurityContextHolder to anonymous SecurityContext
2026-05-18T21:25:34.786+05:30 DEBUG 17920 --- [nio-8080-exec-5] o.s.security.web.FilterChainProxy        : Secured GET /uploads/sneakers.svg
2026-05-18T21:25:34.791+05:30 DEBUG 17920 --- [io-8080-exec-10] o.s.security.web.FilterChainProxy        : Secured GET /uploads/laptop.svg
2026-05-18T21:25:34.794+05:30 DEBUG 17920 --- [nio-8080-exec-7] o.s.security.web.FilterChainProxy        : Securing GET /uploads/headphones.svg
2026-05-18T21:25:34.795+05:30 DEBUG 17920 --- [nio-8080-exec-7] o.s.s.w.a.AnonymousAuthenticationFilter  : Set SecurityContextHolder to anonymous SecurityContext
2026-05-18T21:25:34.798+05:30 DEBUG 17920 --- [nio-8080-exec-1] o.s.security.web.FilterChainProxy        : Secured GET /uploads/phone.svg
2026-05-18T21:25:34.786+05:30 DEBUG 17920 --- [nio-8080-exec-4] o.s.security.web.FilterChainProxy        : Secured GET /uploads/cookbook.svg
2026-05-18T21:25:34.799+05:30 DEBUG 17920 --- [nio-8080-exec-3] o.s.security.web.FilterChainProxy        : Secured GET /uploads/blender.svg
2026-05-18T21:25:34.799+05:30 DEBUG 17920 --- [nio-8080-exec-2] o.s.security.web.FilterChainProxy        : Secured GET /uploads/tshirt.svg
2026-05-18T21:25:34.817+05:30 DEBUG 17920 --- [nio-8080-exec-7] o.s.security.web.FilterChainProxy        : Secured GET /uploads/headphones.svg
2026-05-18T21:25:38.739+05:30 DEBUG 17920 --- [nio-8080-exec-9] o.s.security.web.FilterChainProxy        : Securing GET /products?page=0&size=12&sort=createdAt,desc&categorySlug=men
2026-05-18T21:25:38.742+05:30 DEBUG 17920 --- [nio-8080-exec-6] o.s.security.web.FilterChainProxy        : Securing GET /categories/slug/men
2026-05-18T21:25:38.745+05:30 DEBUG 17920 --- [nio-8080-exec-9] o.s.s.w.a.AnonymousAuthenticationFilter  : Set SecurityContextHolder to anonymous SecurityContext
2026-05-18T21:25:38.747+05:30 DEBUG 17920 --- [nio-8080-exec-6] o.s.s.w.a.AnonymousAuthenticationFilter  : Set SecurityContextHolder to anonymous SecurityContext
2026-05-18T21:25:38.752+05:30 DEBUG 17920 --- [nio-8080-exec-9] o.s.security.web.FilterChainProxy        : Secured GET /products?page=0&size=12&sort=createdAt,desc&categorySlug=men
2026-05-18T21:25:38.764+05:30 DEBUG 17920 --- [nio-8080-exec-6] o.s.security.web.FilterChainProxy        : Secured GET /categories/slug/men
2026-05-18T21:25:38.962+05:30 DEBUG 17920 --- [nio-8080-exec-8] o.s.security.web.FilterChainProxy        : Securing GET /uploads/yoga-mat.svg
2026-05-18T21:25:38.964+05:30 DEBUG 17920 --- [io-8080-exec-10] o.s.security.web.FilterChainProxy        : Securing GET /uploads/lamp.svg
2026-05-18T21:25:38.964+05:30 DEBUG 17920 --- [nio-8080-exec-5] o.s.security.web.FilterChainProxy        : Securing GET /uploads/headphones.svg
2026-05-18T21:25:38.965+05:30 DEBUG 17920 --- [io-8080-exec-10] o.s.s.w.a.AnonymousAuthenticationFilter  : Set SecurityContextHolder to anonymous SecurityContext
2026-05-18T21:25:38.965+05:30 DEBUG 17920 --- [nio-8080-exec-8] o.s.s.w.a.AnonymousAuthenticationFilter  : Set SecurityContextHolder to anonymous SecurityContext
2026-05-18T21:25:38.965+05:30 DEBUG 17920 --- [nio-8080-exec-5] o.s.s.w.a.AnonymousAuthenticationFilter  : Set SecurityContextHolder to anonymous SecurityContext
2026-05-18T21:25:38.972+05:30 DEBUG 17920 --- [nio-8080-exec-1] o.s.security.web.FilterChainProxy        : Securing GET /uploads/blender.svg
2026-05-18T21:25:38.974+05:30 DEBUG 17920 --- [nio-8080-exec-1] o.s.s.w.a.AnonymousAuthenticationFilter  : Set SecurityContextHolder to anonymous SecurityContext
2026-05-18T21:25:38.975+05:30 DEBUG 17920 --- [nio-8080-exec-3] o.s.security.web.FilterChainProxy        : Securing GET /uploads/cookbook.svg
2026-05-18T21:25:38.969+05:30 DEBUG 17920 --- [io-8080-exec-10] o.s.security.web.FilterChainProxy        : Secured GET /uploads/lamp.svg
2026-05-18T21:25:38.976+05:30 DEBUG 17920 --- [nio-8080-exec-1] o.s.security.web.FilterChainProxy        : Secured GET /uploads/blender.svg
2026-05-18T21:25:38.969+05:30 DEBUG 17920 --- [nio-8080-exec-4] o.s.security.web.FilterChainProxy        : Securing GET /uploads/jacket.svg
2026-05-18T21:25:38.979+05:30 DEBUG 17920 --- [nio-8080-exec-4] o.s.s.w.a.AnonymousAuthenticationFilter  : Set SecurityContextHolder to anonymous SecurityContext
2026-05-18T21:25:38.973+05:30 DEBUG 17920 --- [nio-8080-exec-8] o.s.security.web.FilterChainProxy        : Secured GET /uploads/yoga-mat.svg
2026-05-18T21:25:38.975+05:30 DEBUG 17920 --- [nio-8080-exec-3] o.s.s.w.a.AnonymousAuthenticationFilter  : Set SecurityContextHolder to anonymous SecurityContext
2026-05-18T21:25:38.985+05:30 DEBUG 17920 --- [nio-8080-exec-3] o.s.security.web.FilterChainProxy        : Secured GET /uploads/cookbook.svg
2026-05-18T21:25:38.986+05:30 DEBUG 17920 --- [nio-8080-exec-5] o.s.security.web.FilterChainProxy        : Secured GET /uploads/headphones.svg
2026-05-18T21:25:38.983+05:30 DEBUG 17920 --- [nio-8080-exec-4] o.s.security.web.FilterChainProxy        : Secured GET /uploads/jacket.svg
2026-05-18T21:25:39.003+05:30 DEBUG 17920 --- [nio-8080-exec-7] o.s.security.web.FilterChainProxy        : Securing GET /uploads/tshirt.svg
2026-05-18T21:25:39.011+05:30 DEBUG 17920 --- [nio-8080-exec-9] o.s.security.web.FilterChainProxy        : Securing GET /uploads/phone.svg
2026-05-18T21:25:39.014+05:30 DEBUG 17920 --- [nio-8080-exec-7] o.s.s.w.a.AnonymousAuthenticationFilter  : Set SecurityContextHolder to anonymous SecurityContext
2026-05-18T21:25:39.015+05:30 DEBUG 17920 --- [nio-8080-exec-9] o.s.s.w.a.AnonymousAuthenticationFilter  : Set SecurityContextHolder to anonymous SecurityContext
2026-05-18T21:25:39.017+05:30 DEBUG 17920 --- [nio-8080-exec-7] o.s.security.web.FilterChainProxy        : Secured GET /uploads/tshirt.svg
2026-05-18T21:25:39.004+05:30 DEBUG 17920 --- [nio-8080-exec-6] o.s.security.web.FilterChainProxy        : Securing GET /uploads/laptop.svg
2026-05-18T21:25:39.005+05:30 DEBUG 17920 --- [nio-8080-exec-2] o.s.security.web.FilterChainProxy        : Securing GET /uploads/sneakers.svg
2026-05-18T21:25:39.018+05:30 DEBUG 17920 --- [nio-8080-exec-9] o.s.security.web.FilterChainProxy        : Secured GET /uploads/phone.svg
2026-05-18T21:25:39.022+05:30 DEBUG 17920 --- [nio-8080-exec-2] o.s.s.w.a.AnonymousAuthenticationFilter  : Set SecurityContextHolder to anonymous SecurityContext
2026-05-18T21:25:39.021+05:30 DEBUG 17920 --- [nio-8080-exec-6] o.s.s.w.a.AnonymousAuthenticationFilter  : Set SecurityContextHolder to anonymous SecurityContext
2026-05-18T21:25:39.024+05:30 DEBUG 17920 --- [nio-8080-exec-2] o.s.security.web.FilterChainProxy        : Secured GET /uploads/sneakers.svg
2026-05-18T21:25:39.028+05:30 DEBUG 17920 --- [nio-8080-exec-6] o.s.security.web.FilterChainProxy        : Secured GET /uploads/laptop.svg
2026-05-18T21:25:43.333+05:30 DEBUG 17920 --- [io-8080-exec-10] o.s.security.web.FilterChainProxy        : Securing GET /categories/tree
2026-05-18T21:25:43.335+05:30 DEBUG 17920 --- [io-8080-exec-10] o.s.s.w.a.AnonymousAuthenticationFilter  : Set SecurityContextHolder to anonymous SecurityContext
2026-05-18T21:25:43.336+05:30 DEBUG 17920 --- [io-8080-exec-10] o.s.security.web.FilterChainProxy        : Secured GET /categories/tree
2026-05-18T21:25:43.369+05:30 DEBUG 17920 --- [nio-8080-exec-1] o.s.security.web.FilterChainProxy        : Securing GET /uploads/men.svg
2026-05-18T21:25:43.371+05:30 DEBUG 17920 --- [nio-8080-exec-9] o.s.security.web.FilterChainProxy        : Securing GET /uploads/sports.svg
2026-05-18T21:25:43.372+05:30 DEBUG 17920 --- [nio-8080-exec-9] o.s.s.w.a.AnonymousAuthenticationFilter  : Set SecurityContextHolder to anonymous SecurityContext
2026-05-18T21:25:43.371+05:30 DEBUG 17920 --- [nio-8080-exec-8] o.s.security.web.FilterChainProxy        : Securing GET /uploads/women.svg
2026-05-18T21:25:43.375+05:30 DEBUG 17920 --- [nio-8080-exec-8] o.s.s.w.a.AnonymousAuthenticationFilter  : Set SecurityContextHolder to anonymous SecurityContext
2026-05-18T21:25:43.371+05:30 DEBUG 17920 --- [nio-8080-exec-4] o.s.security.web.FilterChainProxy        : Securing GET /uploads/beauty.svg
2026-05-18T21:25:43.371+05:30 DEBUG 17920 --- [nio-8080-exec-3] o.s.security.web.FilterChainProxy        : Securing GET /uploads/travel.svg
2026-05-18T21:25:43.371+05:30 DEBUG 17920 --- [nio-8080-exec-5] o.s.security.web.FilterChainProxy        : Securing GET /uploads/electronics.svg
2026-05-18T21:25:43.371+05:30 DEBUG 17920 --- [nio-8080-exec-1] o.s.s.w.a.AnonymousAuthenticationFilter  : Set SecurityContextHolder to anonymous SecurityContext
2026-05-18T21:25:43.378+05:30 DEBUG 17920 --- [nio-8080-exec-9] o.s.security.web.FilterChainProxy        : Secured GET /uploads/sports.svg
2026-05-18T21:25:43.387+05:30 DEBUG 17920 --- [nio-8080-exec-1] o.s.security.web.FilterChainProxy        : Secured GET /uploads/men.svg
2026-05-18T21:25:43.380+05:30 DEBUG 17920 --- [nio-8080-exec-8] o.s.security.web.FilterChainProxy        : Secured GET /uploads/women.svg
2026-05-18T21:25:43.382+05:30 DEBUG 17920 --- [nio-8080-exec-4] o.s.s.w.a.AnonymousAuthenticationFilter  : Set SecurityContextHolder to anonymous SecurityContext
2026-05-18T21:25:43.384+05:30 DEBUG 17920 --- [nio-8080-exec-3] o.s.s.w.a.AnonymousAuthenticationFilter  : Set SecurityContextHolder to anonymous SecurityContext
2026-05-18T21:25:43.386+05:30 DEBUG 17920 --- [nio-8080-exec-5] o.s.s.w.a.AnonymousAuthenticationFilter  : Set SecurityContextHolder to anonymous SecurityContext
2026-05-18T21:25:43.398+05:30 DEBUG 17920 --- [nio-8080-exec-7] o.s.security.web.FilterChainProxy        : Securing GET /uploads/bottomwear.svg
2026-05-18T21:25:43.398+05:30 DEBUG 17920 --- [nio-8080-exec-2] o.s.security.web.FilterChainProxy        : Securing GET /uploads/jewellery-men.svg
2026-05-18T21:25:43.401+05:30 DEBUG 17920 --- [nio-8080-exec-3] o.s.security.web.FilterChainProxy        : Secured GET /uploads/travel.svg
2026-05-18T21:25:43.401+05:30 DEBUG 17920 --- [nio-8080-exec-4] o.s.security.web.FilterChainProxy        : Secured GET /uploads/beauty.svg
2026-05-18T21:25:43.402+05:30 DEBUG 17920 --- [nio-8080-exec-7] o.s.s.w.a.AnonymousAuthenticationFilter  : Set SecurityContextHolder to anonymous SecurityContext
2026-05-18T21:25:43.412+05:30 DEBUG 17920 --- [io-8080-exec-10] o.s.security.web.FilterChainProxy        : Securing GET /uploads/books.svg
2026-05-18T21:25:43.412+05:30 DEBUG 17920 --- [io-8080-exec-10] o.s.s.w.a.AnonymousAuthenticationFilter  : Set SecurityContextHolder to anonymous SecurityContext
2026-05-18T21:25:43.403+05:30 DEBUG 17920 --- [nio-8080-exec-5] o.s.security.web.FilterChainProxy        : Secured GET /uploads/electronics.svg
2026-05-18T21:25:43.403+05:30 DEBUG 17920 --- [nio-8080-exec-2] o.s.s.w.a.AnonymousAuthenticationFilter  : Set SecurityContextHolder to anonymous SecurityContext
2026-05-18T21:25:43.408+05:30 DEBUG 17920 --- [nio-8080-exec-6] o.s.security.web.FilterChainProxy        : Securing GET /uploads/innerwear.svg
2026-05-18T21:25:43.418+05:30 DEBUG 17920 --- [nio-8080-exec-6] o.s.s.w.a.AnonymousAuthenticationFilter  : Set SecurityContextHolder to anonymous SecurityContext
2026-05-18T21:25:43.414+05:30 DEBUG 17920 --- [nio-8080-exec-7] o.s.security.web.FilterChainProxy        : Secured GET /uploads/bottomwear.svg
2026-05-18T21:25:43.414+05:30 DEBUG 17920 --- [io-8080-exec-10] o.s.security.web.FilterChainProxy        : Secured GET /uploads/books.svg
2026-05-18T21:25:43.423+05:30 DEBUG 17920 --- [nio-8080-exec-1] o.s.security.web.FilterChainProxy        : Securing GET /uploads/accessories-men.svg
2026-05-18T21:25:43.425+05:30 DEBUG 17920 --- [nio-8080-exec-1] o.s.s.w.a.AnonymousAuthenticationFilter  : Set SecurityContextHolder to anonymous SecurityContext
2026-05-18T21:25:43.415+05:30 DEBUG 17920 --- [nio-8080-exec-2] o.s.security.web.FilterChainProxy        : Secured GET /uploads/jewellery-men.svg
2026-05-18T21:25:43.420+05:30 DEBUG 17920 --- [nio-8080-exec-6] o.s.security.web.FilterChainProxy        : Secured GET /uploads/innerwear.svg
2026-05-18T21:25:43.421+05:30 DEBUG 17920 --- [nio-8080-exec-4] o.s.security.web.FilterChainProxy        : Securing GET /uploads/topwear.svg
2026-05-18T21:25:43.433+05:30 DEBUG 17920 --- [nio-8080-exec-4] o.s.s.w.a.AnonymousAuthenticationFilter  : Set SecurityContextHolder to anonymous SecurityContext
2026-05-18T21:25:43.430+05:30 DEBUG 17920 --- [nio-8080-exec-3] o.s.security.web.FilterChainProxy        : Securing GET /uploads/ethnic.svg
2026-05-18T21:25:43.437+05:30 DEBUG 17920 --- [nio-8080-exec-4] o.s.security.web.FilterChainProxy        : Secured GET /uploads/topwear.svg
2026-05-18T21:25:43.430+05:30 DEBUG 17920 --- [nio-8080-exec-1] o.s.security.web.FilterChainProxy        : Secured GET /uploads/accessories-men.svg
2026-05-18T21:25:43.435+05:30 DEBUG 17920 --- [nio-8080-exec-5] o.s.security.web.FilterChainProxy        : Securing GET /uploads/athleisure.svg
2026-05-18T21:25:43.436+05:30 DEBUG 17920 --- [nio-8080-exec-9] o.s.security.web.FilterChainProxy        : Securing GET /uploads/footwear-men.svg
2026-05-18T21:25:43.446+05:30 DEBUG 17920 --- [nio-8080-exec-5] o.s.s.w.a.AnonymousAuthenticationFilter  : Set SecurityContextHolder to anonymous SecurityContext
2026-05-18T21:25:43.437+05:30 DEBUG 17920 --- [nio-8080-exec-3] o.s.s.w.a.AnonymousAuthenticationFilter  : Set SecurityContextHolder to anonymous SecurityContext
2026-05-18T21:25:43.446+05:30 DEBUG 17920 --- [nio-8080-exec-9] o.s.s.w.a.AnonymousAuthenticationFilter  : Set SecurityContextHolder to anonymous SecurityContext
2026-05-18T21:25:43.447+05:30 DEBUG 17920 --- [nio-8080-exec-5] o.s.security.web.FilterChainProxy        : Secured GET /uploads/athleisure.svg
2026-05-18T21:25:43.448+05:30 DEBUG 17920 --- [nio-8080-exec-9] o.s.security.web.FilterChainProxy        : Secured GET /uploads/footwear-men.svg
2026-05-18T21:25:43.447+05:30 DEBUG 17920 --- [nio-8080-exec-3] o.s.security.web.FilterChainProxy        : Secured GET /uploads/ethnic.svg
2026-05-18T21:25:43.457+05:30 DEBUG 17920 --- [nio-8080-exec-6] o.s.security.web.FilterChainProxy        : Securing GET /uploads/home.svg
2026-05-18T21:25:43.457+05:30 DEBUG 17920 --- [nio-8080-exec-6] o.s.s.w.a.AnonymousAuthenticationFilter  : Set SecurityContextHolder to anonymous SecurityContext
2026-05-18T21:25:43.460+05:30 DEBUG 17920 --- [nio-8080-exec-6] o.s.security.web.FilterChainProxy        : Secured GET /uploads/home.svg
2026-05-18T21:25:43.463+05:30 DEBUG 17920 --- [nio-8080-exec-4] o.s.security.web.FilterChainProxy        : Securing GET /uploads/sleepwear.svg
2026-05-18T21:25:43.465+05:30 DEBUG 17920 --- [nio-8080-exec-4] o.s.s.w.a.AnonymousAuthenticationFilter  : Set SecurityContextHolder to anonymous SecurityContext
2026-05-18T21:25:43.466+05:30 DEBUG 17920 --- [nio-8080-exec-4] o.s.security.web.FilterChainProxy        : Secured GET /uploads/sleepwear.svg
2026-05-18T21:25:47.223+05:30 DEBUG 17920 --- [nio-8080-exec-2] o.s.security.web.FilterChainProxy        : Securing GET /categories/tree
2026-05-18T21:25:47.228+05:30 DEBUG 17920 --- [nio-8080-exec-2] o.s.s.w.a.AnonymousAuthenticationFilter  : Set SecurityContextHolder to anonymous SecurityContext
2026-05-18T21:25:47.229+05:30 DEBUG 17920 --- [nio-8080-exec-2] o.s.security.web.FilterChainProxy        : Secured GET /categories/tree
2026-05-18T21:25:47.287+05:30 DEBUG 17920 --- [nio-8080-exec-5] o.s.security.web.FilterChainProxy        : Securing GET /uploads/men.svg
2026-05-18T21:25:47.288+05:30 DEBUG 17920 --- [nio-8080-exec-5] o.s.s.w.a.AnonymousAuthenticationFilter  : Set SecurityContextHolder to anonymous SecurityContext
2026-05-18T21:25:47.291+05:30 DEBUG 17920 --- [nio-8080-exec-5] o.s.security.web.FilterChainProxy        : Secured GET /uploads/men.svg
2026-05-18T21:25:47.292+05:30 DEBUG 17920 --- [io-8080-exec-10] o.s.security.web.FilterChainProxy        : Securing GET /uploads/women.svg
2026-05-18T21:25:47.295+05:30 DEBUG 17920 --- [nio-8080-exec-1] o.s.security.web.FilterChainProxy        : Securing GET /uploads/travel.svg
2026-05-18T21:25:47.297+05:30 DEBUG 17920 --- [nio-8080-exec-1] o.s.s.w.a.AnonymousAuthenticationFilter  : Set SecurityContextHolder to anonymous SecurityContext
2026-05-18T21:25:47.295+05:30 DEBUG 17920 --- [nio-8080-exec-9] o.s.security.web.FilterChainProxy        : Securing GET /uploads/electronics.svg
2026-05-18T21:25:47.299+05:30 DEBUG 17920 --- [nio-8080-exec-9] o.s.s.w.a.AnonymousAuthenticationFilter  : Set SecurityContextHolder to anonymous SecurityContext
2026-05-18T21:25:47.295+05:30 DEBUG 17920 --- [nio-8080-exec-3] o.s.security.web.FilterChainProxy        : Securing GET /uploads/beauty.svg
2026-05-18T21:25:47.302+05:30 DEBUG 17920 --- [nio-8080-exec-3] o.s.s.w.a.AnonymousAuthenticationFilter  : Set SecurityContextHolder to anonymous SecurityContext
2026-05-18T21:25:47.295+05:30 DEBUG 17920 --- [nio-8080-exec-7] o.s.security.web.FilterChainProxy        : Securing GET /uploads/sports.svg
2026-05-18T21:25:47.297+05:30 DEBUG 17920 --- [io-8080-exec-10] o.s.s.w.a.AnonymousAuthenticationFilter  : Set SecurityContextHolder to anonymous SecurityContext
2026-05-18T21:25:47.304+05:30 DEBUG 17920 --- [nio-8080-exec-7] o.s.s.w.a.AnonymousAuthenticationFilter  : Set SecurityContextHolder to anonymous SecurityContext
2026-05-18T21:25:47.305+05:30 DEBUG 17920 --- [nio-8080-exec-3] o.s.security.web.FilterChainProxy        : Secured GET /uploads/beauty.svg
2026-05-18T21:25:47.299+05:30 DEBUG 17920 --- [nio-8080-exec-1] o.s.security.web.FilterChainProxy        : Secured GET /uploads/travel.svg
2026-05-18T21:25:47.307+05:30 DEBUG 17920 --- [nio-8080-exec-7] o.s.security.web.FilterChainProxy        : Secured GET /uploads/sports.svg
2026-05-18T21:25:47.302+05:30 DEBUG 17920 --- [nio-8080-exec-8] o.s.security.web.FilterChainProxy        : Securing GET /uploads/sleepwear.svg
2026-05-18T21:25:47.303+05:30 DEBUG 17920 --- [nio-8080-exec-9] o.s.security.web.FilterChainProxy        : Secured GET /uploads/electronics.svg
2026-05-18T21:25:47.305+05:30 DEBUG 17920 --- [io-8080-exec-10] o.s.security.web.FilterChainProxy        : Secured GET /uploads/women.svg
2026-05-18T21:25:47.310+05:30 DEBUG 17920 --- [nio-8080-exec-4] o.s.security.web.FilterChainProxy        : Securing GET /uploads/jewellery-men.svg
2026-05-18T21:25:47.313+05:30 DEBUG 17920 --- [nio-8080-exec-6] o.s.security.web.FilterChainProxy        : Securing GET /uploads/bottomwear.svg
2026-05-18T21:25:47.313+05:30 DEBUG 17920 --- [nio-8080-exec-8] o.s.s.w.a.AnonymousAuthenticationFilter  : Set SecurityContextHolder to anonymous SecurityContext
2026-05-18T21:25:47.315+05:30 DEBUG 17920 --- [nio-8080-exec-2] o.s.security.web.FilterChainProxy        : Securing GET /uploads/accessories-men.svg
2026-05-18T21:25:47.327+05:30 DEBUG 17920 --- [nio-8080-exec-4] o.s.s.w.a.AnonymousAuthenticationFilter  : Set SecurityContextHolder to anonymous SecurityContext
2026-05-18T21:25:47.328+05:30 DEBUG 17920 --- [nio-8080-exec-6] o.s.s.w.a.AnonymousAuthenticationFilter  : Set SecurityContextHolder to anonymous SecurityContext
2026-05-18T21:25:47.331+05:30 DEBUG 17920 --- [nio-8080-exec-8] o.s.security.web.FilterChainProxy        : Secured GET /uploads/sleepwear.svg
2026-05-18T21:25:47.331+05:30 DEBUG 17920 --- [nio-8080-exec-2] o.s.s.w.a.AnonymousAuthenticationFilter  : Set SecurityContextHolder to anonymous SecurityContext
2026-05-18T21:25:47.332+05:30 DEBUG 17920 --- [nio-8080-exec-5] o.s.security.web.FilterChainProxy        : Securing GET /uploads/books.svg
2026-05-18T21:25:47.336+05:30 DEBUG 17920 --- [nio-8080-exec-2] o.s.security.web.FilterChainProxy        : Secured GET /uploads/accessories-men.svg
2026-05-18T21:25:47.333+05:30 DEBUG 17920 --- [nio-8080-exec-4] o.s.security.web.FilterChainProxy        : Secured GET /uploads/jewellery-men.svg
2026-05-18T21:25:47.333+05:30 DEBUG 17920 --- [nio-8080-exec-6] o.s.security.web.FilterChainProxy        : Secured GET /uploads/bottomwear.svg
2026-05-18T21:25:47.336+05:30 DEBUG 17920 --- [nio-8080-exec-5] o.s.s.w.a.AnonymousAuthenticationFilter  : Set SecurityContextHolder to anonymous SecurityContext
2026-05-18T21:25:47.348+05:30 DEBUG 17920 --- [nio-8080-exec-3] o.s.security.web.FilterChainProxy        : Securing GET /uploads/footwear-men.svg
2026-05-18T21:25:47.351+05:30 DEBUG 17920 --- [nio-8080-exec-3] o.s.s.w.a.AnonymousAuthenticationFilter  : Set SecurityContextHolder to anonymous SecurityContext
2026-05-18T21:25:47.352+05:30 DEBUG 17920 --- [nio-8080-exec-5] o.s.security.web.FilterChainProxy        : Secured GET /uploads/books.svg
2026-05-18T21:25:47.353+05:30 DEBUG 17920 --- [nio-8080-exec-3] o.s.security.web.FilterChainProxy        : Secured GET /uploads/footwear-men.svg
2026-05-18T21:25:47.352+05:30 DEBUG 17920 --- [nio-8080-exec-1] o.s.security.web.FilterChainProxy        : Securing GET /uploads/innerwear.svg
2026-05-18T21:25:47.362+05:30 DEBUG 17920 --- [nio-8080-exec-1] o.s.s.w.a.AnonymousAuthenticationFilter  : Set SecurityContextHolder to anonymous SecurityContext
2026-05-18T21:25:47.363+05:30 DEBUG 17920 --- [nio-8080-exec-1] o.s.security.web.FilterChainProxy        : Secured GET /uploads/innerwear.svg
2026-05-18T21:25:47.381+05:30 DEBUG 17920 --- [io-8080-exec-10] o.s.security.web.FilterChainProxy        : Securing GET /uploads/home.svg
2026-05-18T21:25:47.381+05:30 DEBUG 17920 --- [io-8080-exec-10] o.s.s.w.a.AnonymousAuthenticationFilter  : Set SecurityContextHolder to anonymous SecurityContext
2026-05-18T21:25:47.382+05:30 DEBUG 17920 --- [nio-8080-exec-8] o.s.security.web.FilterChainProxy        : Securing GET /uploads/ethnic.svg
2026-05-18T21:25:47.383+05:30 DEBUG 17920 --- [io-8080-exec-10] o.s.security.web.FilterChainProxy        : Secured GET /uploads/home.svg
2026-05-18T21:25:47.396+05:30 DEBUG 17920 --- [nio-8080-exec-8] o.s.s.w.a.AnonymousAuthenticationFilter  : Set SecurityContextHolder to anonymous SecurityContext
2026-05-18T21:25:47.398+05:30 DEBUG 17920 --- [nio-8080-exec-8] o.s.security.web.FilterChainProxy        : Secured GET /uploads/ethnic.svg
2026-05-18T21:25:47.388+05:30 DEBUG 17920 --- [nio-8080-exec-7] o.s.security.web.FilterChainProxy        : Securing GET /uploads/athleisure.svg
2026-05-18T21:25:47.405+05:30 DEBUG 17920 --- [nio-8080-exec-7] o.s.s.w.a.AnonymousAuthenticationFilter  : Set SecurityContextHolder to anonymous SecurityContext
2026-05-18T21:25:47.405+05:30 DEBUG 17920 --- [io-8080-exec-11] o.s.security.web.FilterChainProxy        : Securing GET /uploads/topwear.svg
2026-05-18T21:25:47.405+05:30 DEBUG 17920 --- [io-8080-exec-11] o.s.s.w.a.AnonymousAuthenticationFilter  : Set SecurityContextHolder to anonymous SecurityContext
2026-05-18T21:25:47.406+05:30 DEBUG 17920 --- [nio-8080-exec-7] o.s.security.web.FilterChainProxy        : Secured GET /uploads/athleisure.svg
2026-05-18T21:25:47.412+05:30 DEBUG 17920 --- [io-8080-exec-11] o.s.security.web.FilterChainProxy        : Secured GET /uploads/topwear.svg
2026-05-18T21:26:38.963+05:30 DEBUG 17920 --- [nio-8080-exec-3] o.s.security.web.FilterChainProxy        : Securing GET /uploads/men.svg
2026-05-18T21:26:38.964+05:30 DEBUG 17920 --- [nio-8080-exec-3] o.s.s.w.a.AnonymousAuthenticationFilter  : Set SecurityContextHolder to anonymous SecurityContext
2026-05-18T21:26:38.965+05:30 DEBUG 17920 --- [nio-8080-exec-3] o.s.security.web.FilterChainProxy        : Secured GET /uploads/men.svg
2026-05-18T21:26:39.074+05:30 DEBUG 17920 --- [nio-8080-exec-1] o.s.security.web.FilterChainProxy        : Securing GET /uploads/women.svg
2026-05-18T21:26:39.074+05:30 DEBUG 17920 --- [nio-8080-exec-1] o.s.s.w.a.AnonymousAuthenticationFilter  : Set SecurityContextHolder to anonymous SecurityContext
2026-05-18T21:26:39.075+05:30 DEBUG 17920 --- [nio-8080-exec-1] o.s.security.web.FilterChainProxy        : Secured GET /uploads/women.svg
2026-05-18T21:26:39.088+05:30 DEBUG 17920 --- [io-8080-exec-10] o.s.security.web.FilterChainProxy        : Securing GET /uploads/beauty.svg
2026-05-18T21:26:39.088+05:30 DEBUG 17920 --- [io-8080-exec-10] o.s.s.w.a.AnonymousAuthenticationFilter  : Set SecurityContextHolder to anonymous SecurityContext
2026-05-18T21:26:39.089+05:30 DEBUG 17920 --- [io-8080-exec-10] o.s.security.web.FilterChainProxy        : Secured GET /uploads/beauty.svg
2026-05-18T21:26:49.506+05:30 DEBUG 17920 --- [nio-8080-exec-5] o.s.security.web.FilterChainProxy        : Securing GET /categories/tree
2026-05-18T21:26:49.507+05:30 DEBUG 17920 --- [nio-8080-exec-5] o.s.s.w.a.AnonymousAuthenticationFilter  : Set SecurityContextHolder to anonymous SecurityContext
2026-05-18T21:26:49.509+05:30 DEBUG 17920 --- [nio-8080-exec-5] o.s.security.web.FilterChainProxy        : Secured GET /categories/tree
2026-05-18T21:26:49.637+05:30 DEBUG 17920 --- [nio-8080-exec-3] o.s.security.web.FilterChainProxy        : Securing GET /uploads/men.svg
2026-05-18T21:26:49.658+05:30 DEBUG 17920 --- [nio-8080-exec-3] o.s.s.w.a.AnonymousAuthenticationFilter  : Set SecurityContextHolder to anonymous SecurityContext
2026-05-18T21:26:49.669+05:30 DEBUG 17920 --- [nio-8080-exec-3] o.s.security.web.FilterChainProxy        : Secured GET /uploads/men.svg
2026-05-18T21:26:49.648+05:30 DEBUG 17920 --- [nio-8080-exec-1] o.s.security.web.FilterChainProxy        : Securing GET /uploads/women.svg
2026-05-18T21:26:49.654+05:30 DEBUG 17920 --- [io-8080-exec-10] o.s.security.web.FilterChainProxy        : Securing GET /uploads/travel.svg
2026-05-18T21:26:49.660+05:30 DEBUG 17920 --- [nio-8080-exec-6] o.s.security.web.FilterChainProxy        : Securing GET /uploads/beauty.svg
2026-05-18T21:26:49.665+05:30 DEBUG 17920 --- [nio-8080-exec-8] o.s.security.web.FilterChainProxy        : Securing GET /uploads/electronics.svg
2026-05-18T21:26:49.671+05:30 DEBUG 17920 --- [nio-8080-exec-2] o.s.security.web.FilterChainProxy        : Securing GET /uploads/sports.svg
2026-05-18T21:26:49.685+05:30 DEBUG 17920 --- [nio-8080-exec-2] o.s.s.w.a.AnonymousAuthenticationFilter  : Set SecurityContextHolder to anonymous SecurityContext
2026-05-18T21:26:49.681+05:30 DEBUG 17920 --- [nio-8080-exec-1] o.s.s.w.a.AnonymousAuthenticationFilter  : Set SecurityContextHolder to anonymous SecurityContext
2026-05-18T21:26:49.686+05:30 DEBUG 17920 --- [nio-8080-exec-1] o.s.security.web.FilterChainProxy        : Secured GET /uploads/women.svg
2026-05-18T21:26:49.683+05:30 DEBUG 17920 --- [io-8080-exec-10] o.s.s.w.a.AnonymousAuthenticationFilter  : Set SecurityContextHolder to anonymous SecurityContext
2026-05-18T21:26:49.684+05:30 DEBUG 17920 --- [nio-8080-exec-6] o.s.s.w.a.AnonymousAuthenticationFilter  : Set SecurityContextHolder to anonymous SecurityContext
2026-05-18T21:26:49.703+05:30 DEBUG 17920 --- [nio-8080-exec-6] o.s.security.web.FilterChainProxy        : Secured GET /uploads/beauty.svg
2026-05-18T21:26:49.685+05:30 DEBUG 17920 --- [nio-8080-exec-8] o.s.s.w.a.AnonymousAuthenticationFilter  : Set SecurityContextHolder to anonymous SecurityContext
2026-05-18T21:26:49.693+05:30 DEBUG 17920 --- [nio-8080-exec-2] o.s.security.web.FilterChainProxy        : Secured GET /uploads/sports.svg
2026-05-18T21:26:49.710+05:30 DEBUG 17920 --- [nio-8080-exec-8] o.s.security.web.FilterChainProxy        : Secured GET /uploads/electronics.svg
2026-05-18T21:26:49.697+05:30 DEBUG 17920 --- [io-8080-exec-10] o.s.security.web.FilterChainProxy        : Secured GET /uploads/travel.svg
2026-05-18T21:26:49.784+05:30 DEBUG 17920 --- [nio-8080-exec-1] o.s.security.web.FilterChainProxy        : Securing GET /uploads/accessories-men.svg
2026-05-18T21:26:49.784+05:30 DEBUG 17920 --- [nio-8080-exec-1] o.s.s.w.a.AnonymousAuthenticationFilter  : Set SecurityContextHolder to anonymous SecurityContext
2026-05-18T21:26:49.786+05:30 DEBUG 17920 --- [nio-8080-exec-1] o.s.security.web.FilterChainProxy        : Secured GET /uploads/accessories-men.svg
2026-05-18T21:26:49.786+05:30 DEBUG 17920 --- [nio-8080-exec-4] o.s.security.web.FilterChainProxy        : Securing GET /uploads/bottomwear.svg
2026-05-18T21:26:49.786+05:30 DEBUG 17920 --- [nio-8080-exec-4] o.s.s.w.a.AnonymousAuthenticationFilter  : Set SecurityContextHolder to anonymous SecurityContext
2026-05-18T21:26:49.788+05:30 DEBUG 17920 --- [nio-8080-exec-4] o.s.security.web.FilterChainProxy        : Secured GET /uploads/bottomwear.svg
2026-05-18T21:26:49.786+05:30 DEBUG 17920 --- [nio-8080-exec-5] o.s.security.web.FilterChainProxy        : Securing GET /uploads/athleisure.svg
2026-05-18T21:26:49.793+05:30 DEBUG 17920 --- [nio-8080-exec-5] o.s.s.w.a.AnonymousAuthenticationFilter  : Set SecurityContextHolder to anonymous SecurityContext
2026-05-18T21:26:49.786+05:30 DEBUG 17920 --- [nio-8080-exec-7] o.s.security.web.FilterChainProxy        : Securing GET /uploads/innerwear.svg
2026-05-18T21:26:49.795+05:30 DEBUG 17920 --- [nio-8080-exec-5] o.s.security.web.FilterChainProxy        : Secured GET /uploads/athleisure.svg
2026-05-18T21:26:49.797+05:30 DEBUG 17920 --- [nio-8080-exec-7] o.s.s.w.a.AnonymousAuthenticationFilter  : Set SecurityContextHolder to anonymous SecurityContext
2026-05-18T21:26:49.798+05:30 DEBUG 17920 --- [nio-8080-exec-7] o.s.security.web.FilterChainProxy        : Secured GET /uploads/innerwear.svg
2026-05-18T21:26:49.801+05:30 DEBUG 17920 --- [io-8080-exec-11] o.s.security.web.FilterChainProxy        : Securing GET /uploads/footwear-men.svg
2026-05-18T21:26:49.803+05:30 DEBUG 17920 --- [io-8080-exec-11] o.s.s.w.a.AnonymousAuthenticationFilter  : Set SecurityContextHolder to anonymous SecurityContext
2026-05-18T21:26:49.807+05:30 DEBUG 17920 --- [io-8080-exec-11] o.s.security.web.FilterChainProxy        : Secured GET /uploads/footwear-men.svg
2026-05-18T21:26:49.832+05:30 DEBUG 17920 --- [nio-8080-exec-8] o.s.security.web.FilterChainProxy        : Securing GET /uploads/books.svg
2026-05-18T21:26:49.871+05:30 DEBUG 17920 --- [nio-8080-exec-2] o.s.security.web.FilterChainProxy        : Securing GET /uploads/sleepwear.svg
2026-05-18T21:26:49.871+05:30 DEBUG 17920 --- [io-8080-exec-10] o.s.security.web.FilterChainProxy        : Securing GET /uploads/jewellery-men.svg
2026-05-18T21:26:49.872+05:30 DEBUG 17920 --- [io-8080-exec-11] o.s.security.web.FilterChainProxy        : Securing GET /uploads/home.svg
2026-05-18T21:26:49.873+05:30 DEBUG 17920 --- [nio-8080-exec-8] o.s.s.w.a.AnonymousAuthenticationFilter  : Set SecurityContextHolder to anonymous SecurityContext
2026-05-18T21:26:49.873+05:30 DEBUG 17920 --- [nio-8080-exec-2] o.s.s.w.a.AnonymousAuthenticationFilter  : Set SecurityContextHolder to anonymous SecurityContext
2026-05-18T21:26:49.875+05:30 DEBUG 17920 --- [nio-8080-exec-2] o.s.security.web.FilterChainProxy        : Secured GET /uploads/sleepwear.svg
2026-05-18T21:26:49.873+05:30 DEBUG 17920 --- [io-8080-exec-10] o.s.s.w.a.AnonymousAuthenticationFilter  : Set SecurityContextHolder to anonymous SecurityContext
2026-05-18T21:26:49.873+05:30 DEBUG 17920 --- [io-8080-exec-11] o.s.s.w.a.AnonymousAuthenticationFilter  : Set SecurityContextHolder to anonymous SecurityContext
2026-05-18T21:26:49.875+05:30 DEBUG 17920 --- [nio-8080-exec-8] o.s.security.web.FilterChainProxy        : Secured GET /uploads/books.svg
2026-05-18T21:26:49.876+05:30 DEBUG 17920 --- [io-8080-exec-10] o.s.security.web.FilterChainProxy        : Secured GET /uploads/jewellery-men.svg
2026-05-18T21:26:49.877+05:30 DEBUG 17920 --- [io-8080-exec-11] o.s.security.web.FilterChainProxy        : Secured GET /uploads/home.svg
2026-05-18T21:26:49.949+05:30 DEBUG 17920 --- [nio-8080-exec-3] o.s.security.web.FilterChainProxy        : Securing GET /uploads/ethnic.svg
2026-05-18T21:26:49.950+05:30 DEBUG 17920 --- [nio-8080-exec-3] o.s.s.w.a.AnonymousAuthenticationFilter  : Set SecurityContextHolder to anonymous SecurityContext
2026-05-18T21:26:49.951+05:30 DEBUG 17920 --- [nio-8080-exec-3] o.s.security.web.FilterChainProxy        : Secured GET /uploads/ethnic.svg
2026-05-18T21:26:49.975+05:30 DEBUG 17920 --- [nio-8080-exec-1] o.s.security.web.FilterChainProxy        : Securing GET /uploads/topwear.svg
2026-05-18T21:26:49.976+05:30 DEBUG 17920 --- [nio-8080-exec-1] o.s.s.w.a.AnonymousAuthenticationFilter  : Set SecurityContextHolder to anonymous SecurityContext
2026-05-18T21:26:49.978+05:30 DEBUG 17920 --- [nio-8080-exec-1] o.s.security.web.FilterChainProxy        : Secured GET /uploads/topwear.svg
2026-05-18T21:26:51.879+05:30 DEBUG 17920 --- [nio-8080-exec-7] o.s.security.web.FilterChainProxy        : Securing GET /products?page=0&size=12&sort=createdAt,desc&categorySlug=men
2026-05-18T21:26:51.880+05:30 DEBUG 17920 --- [nio-8080-exec-7] o.s.s.w.a.AnonymousAuthenticationFilter  : Set SecurityContextHolder to anonymous SecurityContext
2026-05-18T21:26:51.881+05:30 DEBUG 17920 --- [nio-8080-exec-6] o.s.security.web.FilterChainProxy        : Securing GET /categories/slug/men
2026-05-18T21:26:51.882+05:30 DEBUG 17920 --- [nio-8080-exec-7] o.s.security.web.FilterChainProxy        : Secured GET /products?page=0&size=12&sort=createdAt,desc&categorySlug=men
2026-05-18T21:26:51.882+05:30 DEBUG 17920 --- [nio-8080-exec-6] o.s.s.w.a.AnonymousAuthenticationFilter  : Set SecurityContextHolder to anonymous SecurityContext
2026-05-18T21:26:51.887+05:30 DEBUG 17920 --- [nio-8080-exec-6] o.s.security.web.FilterChainProxy        : Secured GET /categories/slug/men
2026-05-18T21:26:51.952+05:30 DEBUG 17920 --- [nio-8080-exec-5] o.s.security.web.FilterChainProxy        : Securing GET /uploads/yoga-mat.svg
2026-05-18T21:26:51.965+05:30 DEBUG 17920 --- [nio-8080-exec-5] o.s.s.w.a.AnonymousAuthenticationFilter  : Set SecurityContextHolder to anonymous SecurityContext
2026-05-18T21:26:51.974+05:30 DEBUG 17920 --- [nio-8080-exec-5] o.s.security.web.FilterChainProxy        : Secured GET /uploads/yoga-mat.svg
2026-05-18T21:26:51.963+05:30 DEBUG 17920 --- [nio-8080-exec-2] o.s.security.web.FilterChainProxy        : Securing GET /uploads/headphones.svg
2026-05-18T21:26:51.964+05:30 DEBUG 17920 --- [nio-8080-exec-4] o.s.security.web.FilterChainProxy        : Securing GET /uploads/lamp.svg
2026-05-18T21:26:51.978+05:30 DEBUG 17920 --- [nio-8080-exec-4] o.s.s.w.a.AnonymousAuthenticationFilter  : Set SecurityContextHolder to anonymous SecurityContext
2026-05-18T21:26:51.965+05:30 DEBUG 17920 --- [io-8080-exec-10] o.s.security.web.FilterChainProxy        : Securing GET /uploads/jacket.svg
2026-05-18T21:26:51.979+05:30 DEBUG 17920 --- [io-8080-exec-10] o.s.s.w.a.AnonymousAuthenticationFilter  : Set SecurityContextHolder to anonymous SecurityContext
2026-05-18T21:26:51.979+05:30 DEBUG 17920 --- [nio-8080-exec-4] o.s.security.web.FilterChainProxy        : Secured GET /uploads/lamp.svg
2026-05-18T21:26:51.979+05:30 DEBUG 17920 --- [io-8080-exec-10] o.s.security.web.FilterChainProxy        : Secured GET /uploads/jacket.svg
2026-05-18T21:26:51.971+05:30 DEBUG 17920 --- [io-8080-exec-11] o.s.security.web.FilterChainProxy        : Securing GET /uploads/blender.svg
2026-05-18T21:26:51.981+05:30 DEBUG 17920 --- [io-8080-exec-11] o.s.s.w.a.AnonymousAuthenticationFilter  : Set SecurityContextHolder to anonymous SecurityContext
2026-05-18T21:26:51.975+05:30 DEBUG 17920 --- [nio-8080-exec-3] o.s.security.web.FilterChainProxy        : Securing GET /uploads/cookbook.svg
2026-05-18T21:26:51.983+05:30 DEBUG 17920 --- [io-8080-exec-11] o.s.security.web.FilterChainProxy        : Secured GET /uploads/blender.svg
2026-05-18T21:26:51.984+05:30 DEBUG 17920 --- [nio-8080-exec-1] o.s.security.web.FilterChainProxy        : Securing GET /uploads/tshirt.svg
2026-05-18T21:26:51.978+05:30 DEBUG 17920 --- [nio-8080-exec-2] o.s.s.w.a.AnonymousAuthenticationFilter  : Set SecurityContextHolder to anonymous SecurityContext
2026-05-18T21:26:51.983+05:30 DEBUG 17920 --- [nio-8080-exec-3] o.s.s.w.a.AnonymousAuthenticationFilter  : Set SecurityContextHolder to anonymous SecurityContext
2026-05-18T21:26:51.984+05:30 DEBUG 17920 --- [nio-8080-exec-8] o.s.security.web.FilterChainProxy        : Securing GET /uploads/sneakers.svg
2026-05-18T21:26:51.985+05:30 DEBUG 17920 --- [nio-8080-exec-1] o.s.s.w.a.AnonymousAuthenticationFilter  : Set SecurityContextHolder to anonymous SecurityContext
2026-05-18T21:26:51.990+05:30 DEBUG 17920 --- [nio-8080-exec-3] o.s.security.web.FilterChainProxy        : Secured GET /uploads/cookbook.svg
2026-05-18T21:26:51.988+05:30 DEBUG 17920 --- [nio-8080-exec-2] o.s.security.web.FilterChainProxy        : Secured GET /uploads/headphones.svg
2026-05-18T21:26:51.988+05:30 DEBUG 17920 --- [nio-8080-exec-6] o.s.security.web.FilterChainProxy        : Securing GET /uploads/phone.svg
2026-05-18T21:26:51.997+05:30 DEBUG 17920 --- [nio-8080-exec-6] o.s.s.w.a.AnonymousAuthenticationFilter  : Set SecurityContextHolder to anonymous SecurityContext
2026-05-18T21:26:52.003+05:30 DEBUG 17920 --- [nio-8080-exec-6] o.s.security.web.FilterChainProxy        : Secured GET /uploads/phone.svg
2026-05-18T21:26:51.988+05:30 DEBUG 17920 --- [nio-8080-exec-8] o.s.s.w.a.AnonymousAuthenticationFilter  : Set SecurityContextHolder to anonymous SecurityContext
2026-05-18T21:26:51.990+05:30 DEBUG 17920 --- [nio-8080-exec-1] o.s.security.web.FilterChainProxy        : Secured GET /uploads/tshirt.svg
2026-05-18T21:26:52.010+05:30 DEBUG 17920 --- [nio-8080-exec-8] o.s.security.web.FilterChainProxy        : Secured GET /uploads/sneakers.svg
2026-05-18T21:26:52.022+05:30 DEBUG 17920 --- [nio-8080-exec-7] o.s.security.web.FilterChainProxy        : Securing GET /uploads/laptop.svg
2026-05-18T21:26:52.023+05:30 DEBUG 17920 --- [nio-8080-exec-7] o.s.s.w.a.AnonymousAuthenticationFilter  : Set SecurityContextHolder to anonymous SecurityContext
2026-05-18T21:26:52.024+05:30 DEBUG 17920 --- [nio-8080-exec-7] o.s.security.web.FilterChainProxy        : Secured GET /uploads/laptop.svg
2026-05-18T21:26:54.604+05:30 DEBUG 17920 --- [nio-8080-exec-4] o.s.security.web.FilterChainProxy        : Securing GET /categories/tree
2026-05-18T21:26:54.607+05:30 DEBUG 17920 --- [nio-8080-exec-4] o.s.s.w.a.AnonymousAuthenticationFilter  : Set SecurityContextHolder to anonymous SecurityContext
2026-05-18T21:26:54.611+05:30 DEBUG 17920 --- [nio-8080-exec-4] o.s.security.web.FilterChainProxy        : Secured GET /categories/tree
2026-05-18T21:26:57.906+05:30 DEBUG 17920 --- [io-8080-exec-10] o.s.security.web.FilterChainProxy        : Securing GET /banners/active
2026-05-18T21:26:57.909+05:30 DEBUG 17920 --- [io-8080-exec-10] o.s.s.w.a.AnonymousAuthenticationFilter  : Set SecurityContextHolder to anonymous SecurityContext
2026-05-18T21:26:57.911+05:30 DEBUG 17920 --- [io-8080-exec-10] o.s.security.web.FilterChainProxy        : Secured GET /banners/active
2026-05-18T21:26:57.911+05:30 DEBUG 17920 --- [io-8080-exec-11] o.s.security.web.FilterChainProxy        : Securing GET /categories/tree
2026-05-18T21:26:57.914+05:30 DEBUG 17920 --- [io-8080-exec-11] o.s.s.w.a.AnonymousAuthenticationFilter  : Set SecurityContextHolder to anonymous SecurityContext
2026-05-18T21:26:57.920+05:30 DEBUG 17920 --- [io-8080-exec-11] o.s.security.web.FilterChainProxy        : Secured GET /categories/tree
2026-05-18T21:26:57.928+05:30 DEBUG 17920 --- [nio-8080-exec-3] o.s.security.web.FilterChainProxy        : Securing GET /products/featured
2026-05-18T21:26:57.928+05:30 DEBUG 17920 --- [nio-8080-exec-3] o.s.s.w.a.AnonymousAuthenticationFilter  : Set SecurityContextHolder to anonymous SecurityContext
2026-05-18T21:26:57.929+05:30 DEBUG 17920 --- [nio-8080-exec-3] o.s.security.web.FilterChainProxy        : Secured GET /products/featured
2026-05-18T21:26:57.954+05:30 DEBUG 17920 --- [nio-8080-exec-1] o.s.security.web.FilterChainProxy        : Securing GET /uploads/banner1.svg
2026-05-18T21:26:57.964+05:30 DEBUG 17920 --- [nio-8080-exec-1] o.s.s.w.a.AnonymousAuthenticationFilter  : Set SecurityContextHolder to anonymous SecurityContext
2026-05-18T21:26:57.973+05:30 DEBUG 17920 --- [nio-8080-exec-1] o.s.security.web.FilterChainProxy        : Secured GET /uploads/banner1.svg
2026-05-18T21:26:57.979+05:30 DEBUG 17920 --- [nio-8080-exec-2] o.s.security.web.FilterChainProxy        : Securing GET /uploads/banner2.svg
2026-05-18T21:26:57.980+05:30 DEBUG 17920 --- [nio-8080-exec-2] o.s.s.w.a.AnonymousAuthenticationFilter  : Set SecurityContextHolder to anonymous SecurityContext
2026-05-18T21:26:57.982+05:30 DEBUG 17920 --- [nio-8080-exec-2] o.s.security.web.FilterChainProxy        : Secured GET /uploads/banner2.svg
2026-05-18T21:26:57.994+05:30 DEBUG 17920 --- [nio-8080-exec-7] o.s.security.web.FilterChainProxy        : Securing GET /uploads/banner3.svg
2026-05-18T21:26:57.995+05:30 DEBUG 17920 --- [nio-8080-exec-7] o.s.s.w.a.AnonymousAuthenticationFilter  : Set SecurityContextHolder to anonymous SecurityContext
2026-05-18T21:26:57.996+05:30 DEBUG 17920 --- [nio-8080-exec-7] o.s.security.web.FilterChainProxy        : Secured GET /uploads/banner3.svg
2026-05-18T21:26:58.263+05:30 DEBUG 17920 --- [nio-8080-exec-6] o.s.security.web.FilterChainProxy        : Securing GET /uploads/men.svg
2026-05-18T21:26:58.263+05:30 DEBUG 17920 --- [nio-8080-exec-8] o.s.security.web.FilterChainProxy        : Securing GET /uploads/women.svg
2026-05-18T21:26:58.265+05:30 DEBUG 17920 --- [nio-8080-exec-4] o.s.security.web.FilterChainProxy        : Securing GET /uploads/beauty.svg
2026-05-18T21:26:58.265+05:30 DEBUG 17920 --- [nio-8080-exec-5] o.s.security.web.FilterChainProxy        : Securing GET /uploads/travel.svg
2026-05-18T21:26:58.265+05:30 DEBUG 17920 --- [io-8080-exec-10] o.s.security.web.FilterChainProxy        : Securing GET /uploads/electronics.svg
2026-05-18T21:26:58.265+05:30 DEBUG 17920 --- [nio-8080-exec-3] o.s.security.web.FilterChainProxy        : Securing GET /uploads/sports.svg
2026-05-18T21:26:58.266+05:30 DEBUG 17920 --- [nio-8080-exec-6] o.s.s.w.a.AnonymousAuthenticationFilter  : Set SecurityContextHolder to anonymous SecurityContext
2026-05-18T21:26:58.266+05:30 DEBUG 17920 --- [nio-8080-exec-8] o.s.s.w.a.AnonymousAuthenticationFilter  : Set SecurityContextHolder to anonymous SecurityContext
2026-05-18T21:26:58.266+05:30 DEBUG 17920 --- [nio-8080-exec-4] o.s.s.w.a.AnonymousAuthenticationFilter  : Set SecurityContextHolder to anonymous SecurityContext
2026-05-18T21:26:58.267+05:30 DEBUG 17920 --- [nio-8080-exec-6] o.s.security.web.FilterChainProxy        : Secured GET /uploads/men.svg
2026-05-18T21:26:58.266+05:30 DEBUG 17920 --- [nio-8080-exec-5] o.s.s.w.a.AnonymousAuthenticationFilter  : Set SecurityContextHolder to anonymous SecurityContext
2026-05-18T21:26:58.268+05:30 DEBUG 17920 --- [nio-8080-exec-5] o.s.security.web.FilterChainProxy        : Secured GET /uploads/travel.svg
2026-05-18T21:26:58.266+05:30 DEBUG 17920 --- [io-8080-exec-10] o.s.s.w.a.AnonymousAuthenticationFilter  : Set SecurityContextHolder to anonymous SecurityContext
2026-05-18T21:26:58.266+05:30 DEBUG 17920 --- [nio-8080-exec-3] o.s.s.w.a.AnonymousAuthenticationFilter  : Set SecurityContextHolder to anonymous SecurityContext
2026-05-18T21:26:58.277+05:30 DEBUG 17920 --- [io-8080-exec-10] o.s.security.web.FilterChainProxy        : Secured GET /uploads/electronics.svg
2026-05-18T21:26:58.267+05:30 DEBUG 17920 --- [nio-8080-exec-8] o.s.security.web.FilterChainProxy        : Secured GET /uploads/women.svg
2026-05-18T21:26:58.267+05:30 DEBUG 17920 --- [nio-8080-exec-4] o.s.security.web.FilterChainProxy        : Secured GET /uploads/beauty.svg
2026-05-18T21:26:58.277+05:30 DEBUG 17920 --- [nio-8080-exec-3] o.s.security.web.FilterChainProxy        : Secured GET /uploads/sports.svg
2026-05-18T21:26:58.287+05:30 DEBUG 17920 --- [nio-8080-exec-7] o.s.security.web.FilterChainProxy        : Securing GET /uploads/books.svg
2026-05-18T21:26:58.287+05:30 DEBUG 17920 --- [nio-8080-exec-1] o.s.security.web.FilterChainProxy        : Securing GET /uploads/home.svg
2026-05-18T21:26:58.291+05:30 DEBUG 17920 --- [nio-8080-exec-7] o.s.s.w.a.AnonymousAuthenticationFilter  : Set SecurityContextHolder to anonymous SecurityContext
2026-05-18T21:26:58.292+05:30 DEBUG 17920 --- [nio-8080-exec-1] o.s.s.w.a.AnonymousAuthenticationFilter  : Set SecurityContextHolder to anonymous SecurityContext
2026-05-18T21:26:58.293+05:30 DEBUG 17920 --- [nio-8080-exec-7] o.s.security.web.FilterChainProxy        : Secured GET /uploads/books.svg
2026-05-18T21:26:58.294+05:30 DEBUG 17920 --- [nio-8080-exec-1] o.s.security.web.FilterChainProxy        : Secured GET /uploads/home.svg
2026-05-18T21:27:09.219+05:30 DEBUG 17920 --- [nio-8080-exec-2] o.s.security.web.FilterChainProxy        : Securing GET /products?page=0&size=12&sort=createdAt,desc&categorySlug=men
2026-05-18T21:27:09.220+05:30 DEBUG 17920 --- [io-8080-exec-11] o.s.security.web.FilterChainProxy        : Securing GET /categories/slug/men
2026-05-18T21:27:09.221+05:30 DEBUG 17920 --- [nio-8080-exec-2] o.s.s.w.a.AnonymousAuthenticationFilter  : Set SecurityContextHolder to anonymous SecurityContext
2026-05-18T21:27:09.222+05:30 DEBUG 17920 --- [io-8080-exec-11] o.s.s.w.a.AnonymousAuthenticationFilter  : Set SecurityContextHolder to anonymous SecurityContext
2026-05-18T21:27:09.230+05:30 DEBUG 17920 --- [nio-8080-exec-2] o.s.security.web.FilterChainProxy        : Secured GET /products?page=0&size=12&sort=createdAt,desc&categorySlug=men
2026-05-18T21:27:09.231+05:30 DEBUG 17920 --- [io-8080-exec-11] o.s.security.web.FilterChainProxy        : Secured GET /categories/slug/men
2026-05-18T21:27:09.299+05:30 DEBUG 17920 --- [nio-8080-exec-6] o.s.security.web.FilterChainProxy        : Securing GET /uploads/yoga-mat.svg
2026-05-18T21:27:09.303+05:30 DEBUG 17920 --- [nio-8080-exec-6] o.s.s.w.a.AnonymousAuthenticationFilter  : Set SecurityContextHolder to anonymous SecurityContext
2026-05-18T21:27:09.304+05:30 DEBUG 17920 --- [nio-8080-exec-5] o.s.security.web.FilterChainProxy        : Securing GET /uploads/lamp.svg
2026-05-18T21:27:09.305+05:30 DEBUG 17920 --- [nio-8080-exec-5] o.s.s.w.a.AnonymousAuthenticationFilter  : Set SecurityContextHolder to anonymous SecurityContext
2026-05-18T21:27:09.304+05:30 DEBUG 17920 --- [nio-8080-exec-8] o.s.security.web.FilterChainProxy        : Securing GET /uploads/jacket.svg
2026-05-18T21:27:09.307+05:30 DEBUG 17920 --- [nio-8080-exec-5] o.s.security.web.FilterChainProxy        : Secured GET /uploads/lamp.svg
2026-05-18T21:27:09.304+05:30 DEBUG 17920 --- [nio-8080-exec-6] o.s.security.web.FilterChainProxy        : Secured GET /uploads/yoga-mat.svg
2026-05-18T21:27:09.307+05:30 DEBUG 17920 --- [nio-8080-exec-8] o.s.s.w.a.AnonymousAuthenticationFilter  : Set SecurityContextHolder to anonymous SecurityContext
2026-05-18T21:27:09.311+05:30 DEBUG 17920 --- [nio-8080-exec-8] o.s.security.web.FilterChainProxy        : Secured GET /uploads/jacket.svg
2026-05-18T21:27:12.479+05:30 DEBUG 17920 --- [nio-8080-exec-4] o.s.security.web.FilterChainProxy        : Securing GET /categories/tree
2026-05-18T21:27:12.484+05:30 DEBUG 17920 --- [nio-8080-exec-4] o.s.s.w.a.AnonymousAuthenticationFilter  : Set SecurityContextHolder to anonymous SecurityContext
2026-05-18T21:27:12.485+05:30 DEBUG 17920 --- [nio-8080-exec-4] o.s.security.web.FilterChainProxy        : Secured GET /categories/tree
2026-05-18T21:27:12.507+05:30 DEBUG 17920 --- [nio-8080-exec-7] o.s.security.web.FilterChainProxy        : Securing GET /uploads/travel.svg
2026-05-18T21:27:12.508+05:30 DEBUG 17920 --- [nio-8080-exec-7] o.s.s.w.a.AnonymousAuthenticationFilter  : Set SecurityContextHolder to anonymous SecurityContext
2026-05-18T21:27:12.507+05:30 DEBUG 17920 --- [nio-8080-exec-3] o.s.security.web.FilterChainProxy        : Securing GET /uploads/men.svg
2026-05-18T21:27:12.513+05:30 DEBUG 17920 --- [nio-8080-exec-3] o.s.s.w.a.AnonymousAuthenticationFilter  : Set SecurityContextHolder to anonymous SecurityContext
2026-05-18T21:27:12.509+05:30 DEBUG 17920 --- [nio-8080-exec-1] o.s.security.web.FilterChainProxy        : Securing GET /uploads/women.svg
2026-05-18T21:27:12.515+05:30 DEBUG 17920 --- [nio-8080-exec-3] o.s.security.web.FilterChainProxy        : Secured GET /uploads/men.svg
2026-05-18T21:27:12.513+05:30 DEBUG 17920 --- [nio-8080-exec-7] o.s.security.web.FilterChainProxy        : Secured GET /uploads/travel.svg
2026-05-18T21:27:12.516+05:30 DEBUG 17920 --- [nio-8080-exec-1] o.s.s.w.a.AnonymousAuthenticationFilter  : Set SecurityContextHolder to anonymous SecurityContext
2026-05-18T21:27:12.526+05:30 DEBUG 17920 --- [nio-8080-exec-1] o.s.security.web.FilterChainProxy        : Secured GET /uploads/women.svg
2026-05-18T21:27:12.536+05:30 DEBUG 17920 --- [io-8080-exec-11] o.s.security.web.FilterChainProxy        : Securing GET /uploads/sports.svg
2026-05-18T21:27:12.536+05:30 DEBUG 17920 --- [nio-8080-exec-2] o.s.security.web.FilterChainProxy        : Securing GET /uploads/bottomwear.svg
2026-05-18T21:27:12.536+05:30 DEBUG 17920 --- [nio-8080-exec-5] o.s.security.web.FilterChainProxy        : Securing GET /uploads/innerwear.svg
2026-05-18T21:27:12.536+05:30 DEBUG 17920 --- [io-8080-exec-10] o.s.security.web.FilterChainProxy        : Securing GET /uploads/books.svg
2026-05-18T21:27:12.537+05:30 DEBUG 17920 --- [io-8080-exec-11] o.s.s.w.a.AnonymousAuthenticationFilter  : Set SecurityContextHolder to anonymous SecurityContext
2026-05-18T21:27:12.537+05:30 DEBUG 17920 --- [nio-8080-exec-2] o.s.s.w.a.AnonymousAuthenticationFilter  : Set SecurityContextHolder to anonymous SecurityContext
2026-05-18T21:27:12.538+05:30 DEBUG 17920 --- [nio-8080-exec-5] o.s.s.w.a.AnonymousAuthenticationFilter  : Set SecurityContextHolder to anonymous SecurityContext
2026-05-18T21:27:12.538+05:30 DEBUG 17920 --- [io-8080-exec-10] o.s.s.w.a.AnonymousAuthenticationFilter  : Set SecurityContextHolder to anonymous SecurityContext
2026-05-18T21:27:12.543+05:30 DEBUG 17920 --- [nio-8080-exec-7] o.s.security.web.FilterChainProxy        : Securing GET /uploads/electronics.svg
2026-05-18T21:27:12.546+05:30 DEBUG 17920 --- [nio-8080-exec-5] o.s.security.web.FilterChainProxy        : Secured GET /uploads/innerwear.svg
2026-05-18T21:27:12.545+05:30 DEBUG 17920 --- [nio-8080-exec-2] o.s.security.web.FilterChainProxy        : Secured GET /uploads/bottomwear.svg
2026-05-18T21:27:12.545+05:30 DEBUG 17920 --- [nio-8080-exec-1] o.s.security.web.FilterChainProxy        : Securing GET /uploads/beauty.svg
2026-05-18T21:27:12.545+05:30 DEBUG 17920 --- [io-8080-exec-11] o.s.security.web.FilterChainProxy        : Secured GET /uploads/sports.svg
2026-05-18T21:27:12.549+05:30 DEBUG 17920 --- [nio-8080-exec-8] o.s.security.web.FilterChainProxy        : Securing GET /uploads/ethnic.svg
2026-05-18T21:27:12.546+05:30 DEBUG 17920 --- [nio-8080-exec-7] o.s.s.w.a.AnonymousAuthenticationFilter  : Set SecurityContextHolder to anonymous SecurityContext
2026-05-18T21:27:12.546+05:30 DEBUG 17920 --- [io-8080-exec-10] o.s.security.web.FilterChainProxy        : Secured GET /uploads/books.svg
2026-05-18T21:27:12.547+05:30 DEBUG 17920 --- [nio-8080-exec-1] o.s.s.w.a.AnonymousAuthenticationFilter  : Set SecurityContextHolder to anonymous SecurityContext
2026-05-18T21:27:12.557+05:30 DEBUG 17920 --- [nio-8080-exec-1] o.s.security.web.FilterChainProxy        : Secured GET /uploads/beauty.svg
2026-05-18T21:27:12.550+05:30 DEBUG 17920 --- [nio-8080-exec-6] o.s.security.web.FilterChainProxy        : Securing GET /uploads/topwear.svg
2026-05-18T21:27:12.561+05:30 DEBUG 17920 --- [nio-8080-exec-6] o.s.s.w.a.AnonymousAuthenticationFilter  : Set SecurityContextHolder to anonymous SecurityContext
2026-05-18T21:27:12.554+05:30 DEBUG 17920 --- [nio-8080-exec-8] o.s.s.w.a.AnonymousAuthenticationFilter  : Set SecurityContextHolder to anonymous SecurityContext
2026-05-18T21:27:12.564+05:30 DEBUG 17920 --- [nio-8080-exec-3] o.s.security.web.FilterChainProxy        : Securing GET /uploads/footwear-men.svg
2026-05-18T21:27:12.564+05:30 DEBUG 17920 --- [nio-8080-exec-8] o.s.security.web.FilterChainProxy        : Secured GET /uploads/ethnic.svg
2026-05-18T21:27:12.556+05:30 DEBUG 17920 --- [nio-8080-exec-7] o.s.security.web.FilterChainProxy        : Secured GET /uploads/electronics.svg
2026-05-18T21:27:12.564+05:30 DEBUG 17920 --- [nio-8080-exec-6] o.s.security.web.FilterChainProxy        : Secured GET /uploads/topwear.svg
2026-05-18T21:27:12.564+05:30 DEBUG 17920 --- [nio-8080-exec-3] o.s.s.w.a.AnonymousAuthenticationFilter  : Set SecurityContextHolder to anonymous SecurityContext
2026-05-18T21:27:12.571+05:30 DEBUG 17920 --- [nio-8080-exec-3] o.s.security.web.FilterChainProxy        : Secured GET /uploads/footwear-men.svg
2026-05-18T21:27:12.575+05:30 DEBUG 17920 --- [io-8080-exec-11] o.s.security.web.FilterChainProxy        : Securing GET /uploads/sleepwear.svg
2026-05-18T21:27:12.576+05:30 DEBUG 17920 --- [io-8080-exec-10] o.s.security.web.FilterChainProxy        : Securing GET /uploads/accessories-men.svg
2026-05-18T21:27:12.576+05:30 DEBUG 17920 --- [nio-8080-exec-6] o.s.security.web.FilterChainProxy        : Securing GET /uploads/jewellery-men.svg
2026-05-18T21:27:12.571+05:30 DEBUG 17920 --- [nio-8080-exec-5] o.s.security.web.FilterChainProxy        : Securing GET /uploads/athleisure.svg
2026-05-18T21:27:12.578+05:30 DEBUG 17920 --- [nio-8080-exec-4] o.s.security.web.FilterChainProxy        : Securing GET /uploads/home.svg
2026-05-18T21:27:12.579+05:30 DEBUG 17920 --- [io-8080-exec-11] o.s.s.w.a.AnonymousAuthenticationFilter  : Set SecurityContextHolder to anonymous SecurityContext
2026-05-18T21:27:12.580+05:30 DEBUG 17920 --- [io-8080-exec-10] o.s.s.w.a.AnonymousAuthenticationFilter  : Set SecurityContextHolder to anonymous SecurityContext
2026-05-18T21:27:12.580+05:30 DEBUG 17920 --- [nio-8080-exec-6] o.s.s.w.a.AnonymousAuthenticationFilter  : Set SecurityContextHolder to anonymous SecurityContext
2026-05-18T21:27:12.580+05:30 DEBUG 17920 --- [nio-8080-exec-5] o.s.s.w.a.AnonymousAuthenticationFilter  : Set SecurityContextHolder to anonymous SecurityContext
2026-05-18T21:27:12.580+05:30 DEBUG 17920 --- [nio-8080-exec-4] o.s.s.w.a.AnonymousAuthenticationFilter  : Set SecurityContextHolder to anonymous SecurityContext
2026-05-18T21:27:12.582+05:30 DEBUG 17920 --- [nio-8080-exec-6] o.s.security.web.FilterChainProxy        : Secured GET /uploads/jewellery-men.svg
2026-05-18T21:27:12.582+05:30 DEBUG 17920 --- [nio-8080-exec-5] o.s.security.web.FilterChainProxy        : Secured GET /uploads/athleisure.svg
2026-05-18T21:27:12.583+05:30 DEBUG 17920 --- [nio-8080-exec-4] o.s.security.web.FilterChainProxy        : Secured GET /uploads/home.svg
2026-05-18T21:27:12.581+05:30 DEBUG 17920 --- [io-8080-exec-11] o.s.security.web.FilterChainProxy        : Secured GET /uploads/sleepwear.svg
2026-05-18T21:27:12.581+05:30 DEBUG 17920 --- [io-8080-exec-10] o.s.security.web.FilterChainProxy        : Secured GET /uploads/accessories-men.svg
2026-05-18T21:27:14.631+05:30 DEBUG 17920 --- [nio-8080-exec-1] o.s.security.web.FilterChainProxy        : Securing GET /banners/active
2026-05-18T21:27:14.631+05:30 DEBUG 17920 --- [nio-8080-exec-8] o.s.security.web.FilterChainProxy        : Securing GET /categories/tree
2026-05-18T21:27:14.631+05:30 DEBUG 17920 --- [nio-8080-exec-2] o.s.security.web.FilterChainProxy        : Securing GET /products/featured
2026-05-18T21:27:14.642+05:30 DEBUG 17920 --- [nio-8080-exec-2] o.s.s.w.a.AnonymousAuthenticationFilter  : Set SecurityContextHolder to anonymous SecurityContext
2026-05-18T21:27:14.643+05:30 DEBUG 17920 --- [nio-8080-exec-8] o.s.s.w.a.AnonymousAuthenticationFilter  : Set SecurityContextHolder to anonymous SecurityContext
2026-05-18T21:27:14.643+05:30 DEBUG 17920 --- [nio-8080-exec-1] o.s.s.w.a.AnonymousAuthenticationFilter  : Set SecurityContextHolder to anonymous SecurityContext
2026-05-18T21:27:14.644+05:30 DEBUG 17920 --- [nio-8080-exec-2] o.s.security.web.FilterChainProxy        : Secured GET /products/featured
2026-05-18T21:27:14.644+05:30 DEBUG 17920 --- [nio-8080-exec-8] o.s.security.web.FilterChainProxy        : Secured GET /categories/tree
2026-05-18T21:27:14.646+05:30 DEBUG 17920 --- [nio-8080-exec-1] o.s.security.web.FilterChainProxy        : Secured GET /banners/active
2026-05-18T21:27:14.664+05:30 DEBUG 17920 --- [nio-8080-exec-3] o.s.security.web.FilterChainProxy        : Securing GET /uploads/banner2.svg
2026-05-18T21:27:14.665+05:30 DEBUG 17920 --- [nio-8080-exec-5] o.s.security.web.FilterChainProxy        : Securing GET /uploads/banner3.svg
2026-05-18T21:27:14.664+05:30 DEBUG 17920 --- [nio-8080-exec-7] o.s.security.web.FilterChainProxy        : Securing GET /uploads/banner1.svg
2026-05-18T21:27:14.665+05:30 DEBUG 17920 --- [nio-8080-exec-5] o.s.s.w.a.AnonymousAuthenticationFilter  : Set SecurityContextHolder to anonymous SecurityContext
2026-05-18T21:27:14.665+05:30 DEBUG 17920 --- [nio-8080-exec-3] o.s.s.w.a.AnonymousAuthenticationFilter  : Set SecurityContextHolder to anonymous SecurityContext
2026-05-18T21:27:14.665+05:30 DEBUG 17920 --- [nio-8080-exec-7] o.s.s.w.a.AnonymousAuthenticationFilter  : Set SecurityContextHolder to anonymous SecurityContext
2026-05-18T21:27:14.667+05:30 DEBUG 17920 --- [nio-8080-exec-3] o.s.security.web.FilterChainProxy        : Secured GET /uploads/banner2.svg
2026-05-18T21:27:14.667+05:30 DEBUG 17920 --- [nio-8080-exec-5] o.s.security.web.FilterChainProxy        : Secured GET /uploads/banner3.svg
2026-05-18T21:27:14.668+05:30 DEBUG 17920 --- [nio-8080-exec-7] o.s.security.web.FilterChainProxy        : Secured GET /uploads/banner1.svg
2026-05-18T21:27:17.660+05:30 DEBUG 17920 --- [nio-8080-exec-4] o.s.security.web.FilterChainProxy        : Securing GET /categories/slug/travel-accessories
2026-05-18T21:27:17.660+05:30 DEBUG 17920 --- [nio-8080-exec-6] o.s.security.web.FilterChainProxy        : Securing GET /products?page=0&size=12&sort=createdAt,desc&categorySlug=travel-accessories
2026-05-18T21:27:17.662+05:30 DEBUG 17920 --- [nio-8080-exec-6] o.s.s.w.a.AnonymousAuthenticationFilter  : Set SecurityContextHolder to anonymous SecurityContext
2026-05-18T21:27:17.662+05:30 DEBUG 17920 --- [nio-8080-exec-4] o.s.s.w.a.AnonymousAuthenticationFilter  : Set SecurityContextHolder to anonymous SecurityContext
2026-05-18T21:27:17.663+05:30 DEBUG 17920 --- [nio-8080-exec-6] o.s.security.web.FilterChainProxy        : Secured GET /products?page=0&size=12&sort=createdAt,desc&categorySlug=travel-accessories
2026-05-18T21:27:17.663+05:30 DEBUG 17920 --- [nio-8080-exec-4] o.s.security.web.FilterChainProxy        : Secured GET /categories/slug/travel-accessories
2026-05-18T21:27:17.730+05:30 DEBUG 17920 --- [io-8080-exec-10] o.s.security.web.FilterChainProxy        : Securing GET /uploads/lamp.svg
2026-05-18T21:27:17.730+05:30 DEBUG 17920 --- [io-8080-exec-11] o.s.security.web.FilterChainProxy        : Securing GET /uploads/yoga-mat.svg
2026-05-18T21:27:17.730+05:30 DEBUG 17920 --- [nio-8080-exec-1] o.s.security.web.FilterChainProxy        : Securing GET /uploads/jacket.svg
2026-05-18T21:27:17.730+05:30 DEBUG 17920 --- [io-8080-exec-10] o.s.s.w.a.AnonymousAuthenticationFilter  : Set SecurityContextHolder to anonymous SecurityContext
2026-05-18T21:27:17.731+05:30 DEBUG 17920 --- [io-8080-exec-11] o.s.s.w.a.AnonymousAuthenticationFilter  : Set SecurityContextHolder to anonymous SecurityContext
2026-05-18T21:27:17.731+05:30 DEBUG 17920 --- [io-8080-exec-10] o.s.security.web.FilterChainProxy        : Secured GET /uploads/lamp.svg
2026-05-18T21:27:17.731+05:30 DEBUG 17920 --- [nio-8080-exec-1] o.s.s.w.a.AnonymousAuthenticationFilter  : Set SecurityContextHolder to anonymous SecurityContext
2026-05-18T21:27:17.731+05:30 DEBUG 17920 --- [io-8080-exec-11] o.s.security.web.FilterChainProxy        : Secured GET /uploads/yoga-mat.svg
2026-05-18T21:27:17.734+05:30 DEBUG 17920 --- [nio-8080-exec-1] o.s.security.web.FilterChainProxy        : Secured GET /uploads/jacket.svg
2026-05-18T21:27:22.383+05:30 DEBUG 17920 --- [nio-8080-exec-2] o.s.security.web.FilterChainProxy        : Securing GET /categories/tree
2026-05-18T21:27:22.384+05:30 DEBUG 17920 --- [nio-8080-exec-2] o.s.s.w.a.AnonymousAuthenticationFilter  : Set SecurityContextHolder to anonymous SecurityContext
2026-05-18T21:27:22.384+05:30 DEBUG 17920 --- [nio-8080-exec-2] o.s.security.web.FilterChainProxy        : Secured GET /categories/tree
2026-05-18T21:27:22.412+05:30 DEBUG 17920 --- [nio-8080-exec-5] o.s.security.web.FilterChainProxy        : Securing GET /uploads/topwear.svg
2026-05-18T21:27:22.413+05:30 DEBUG 17920 --- [nio-8080-exec-6] o.s.security.web.FilterChainProxy        : Securing GET /uploads/sleepwear.svg
2026-05-18T21:27:22.412+05:30 DEBUG 17920 --- [nio-8080-exec-7] o.s.security.web.FilterChainProxy        : Securing GET /uploads/ethnic.svg
2026-05-18T21:27:22.412+05:30 DEBUG 17920 --- [nio-8080-exec-3] o.s.security.web.FilterChainProxy        : Securing GET /uploads/bottomwear.svg
2026-05-18T21:27:22.413+05:30 DEBUG 17920 --- [nio-8080-exec-8] o.s.security.web.FilterChainProxy        : Securing GET /uploads/athleisure.svg
2026-05-18T21:27:22.413+05:30 DEBUG 17920 --- [nio-8080-exec-4] o.s.security.web.FilterChainProxy        : Securing GET /uploads/innerwear.svg
2026-05-18T21:27:22.413+05:30 DEBUG 17920 --- [nio-8080-exec-5] o.s.s.w.a.AnonymousAuthenticationFilter  : Set SecurityContextHolder to anonymous SecurityContext
2026-05-18T21:27:22.413+05:30 DEBUG 17920 --- [nio-8080-exec-6] o.s.s.w.a.AnonymousAuthenticationFilter  : Set SecurityContextHolder to anonymous SecurityContext
2026-05-18T21:27:22.415+05:30 DEBUG 17920 --- [nio-8080-exec-7] o.s.s.w.a.AnonymousAuthenticationFilter  : Set SecurityContextHolder to anonymous SecurityContext
2026-05-18T21:27:22.415+05:30 DEBUG 17920 --- [nio-8080-exec-3] o.s.s.w.a.AnonymousAuthenticationFilter  : Set SecurityContextHolder to anonymous SecurityContext
2026-05-18T21:27:22.417+05:30 DEBUG 17920 --- [nio-8080-exec-7] o.s.security.web.FilterChainProxy        : Secured GET /uploads/ethnic.svg
2026-05-18T21:27:22.418+05:30 DEBUG 17920 --- [nio-8080-exec-3] o.s.security.web.FilterChainProxy        : Secured GET /uploads/bottomwear.svg
2026-05-18T21:27:22.416+05:30 DEBUG 17920 --- [nio-8080-exec-8] o.s.s.w.a.AnonymousAuthenticationFilter  : Set SecurityContextHolder to anonymous SecurityContext
2026-05-18T21:27:22.416+05:30 DEBUG 17920 --- [nio-8080-exec-4] o.s.s.w.a.AnonymousAuthenticationFilter  : Set SecurityContextHolder to anonymous SecurityContext
2026-05-18T21:27:22.425+05:30 DEBUG 17920 --- [nio-8080-exec-8] o.s.security.web.FilterChainProxy        : Secured GET /uploads/athleisure.svg
2026-05-18T21:27:22.417+05:30 DEBUG 17920 --- [nio-8080-exec-5] o.s.security.web.FilterChainProxy        : Secured GET /uploads/topwear.svg
2026-05-18T21:27:22.417+05:30 DEBUG 17920 --- [nio-8080-exec-6] o.s.security.web.FilterChainProxy        : Secured GET /uploads/sleepwear.svg
2026-05-18T21:27:22.425+05:30 DEBUG 17920 --- [nio-8080-exec-4] o.s.security.web.FilterChainProxy        : Secured GET /uploads/innerwear.svg
2026-05-18T21:27:22.436+05:30 DEBUG 17920 --- [io-8080-exec-10] o.s.security.web.FilterChainProxy        : Securing GET /uploads/accessories-men.svg
2026-05-18T21:27:22.438+05:30 DEBUG 17920 --- [io-8080-exec-10] o.s.s.w.a.AnonymousAuthenticationFilter  : Set SecurityContextHolder to anonymous SecurityContext
2026-05-18T21:27:22.437+05:30 DEBUG 17920 --- [io-8080-exec-11] o.s.security.web.FilterChainProxy        : Securing GET /uploads/jewellery-men.svg
2026-05-18T21:27:22.440+05:30 DEBUG 17920 --- [io-8080-exec-10] o.s.security.web.FilterChainProxy        : Secured GET /uploads/accessories-men.svg
2026-05-18T21:27:22.438+05:30 DEBUG 17920 --- [nio-8080-exec-1] o.s.security.web.FilterChainProxy        : Securing GET /uploads/footwear-men.svg
2026-05-18T21:27:22.440+05:30 DEBUG 17920 --- [io-8080-exec-11] o.s.s.w.a.AnonymousAuthenticationFilter  : Set SecurityContextHolder to anonymous SecurityContext
2026-05-18T21:27:22.441+05:30 DEBUG 17920 --- [nio-8080-exec-1] o.s.s.w.a.AnonymousAuthenticationFilter  : Set SecurityContextHolder to anonymous SecurityContext
2026-05-18T21:27:22.442+05:30 DEBUG 17920 --- [io-8080-exec-11] o.s.security.web.FilterChainProxy        : Secured GET /uploads/jewellery-men.svg
2026-05-18T21:27:22.444+05:30 DEBUG 17920 --- [nio-8080-exec-1] o.s.security.web.FilterChainProxy        : Secured GET /uploads/footwear-men.svg
2026-05-18T21:27:25.496+05:30 DEBUG 17920 --- [nio-8080-exec-8] o.s.security.web.FilterChainProxy        : Securing GET /categories/slug/men-shirts
2026-05-18T21:27:25.496+05:30 DEBUG 17920 --- [nio-8080-exec-2] o.s.security.web.FilterChainProxy        : Securing GET /products?page=0&size=12&sort=createdAt,desc&categorySlug=men-shirts
2026-05-18T21:27:25.497+05:30 DEBUG 17920 --- [nio-8080-exec-8] o.s.s.w.a.AnonymousAuthenticationFilter  : Set SecurityContextHolder to anonymous SecurityContext
2026-05-18T21:27:25.497+05:30 DEBUG 17920 --- [nio-8080-exec-2] o.s.s.w.a.AnonymousAuthenticationFilter  : Set SecurityContextHolder to anonymous SecurityContext
2026-05-18T21:27:25.498+05:30 DEBUG 17920 --- [nio-8080-exec-8] o.s.security.web.FilterChainProxy        : Secured GET /categories/slug/men-shirts
2026-05-18T21:27:25.501+05:30 DEBUG 17920 --- [nio-8080-exec-2] o.s.security.web.FilterChainProxy        : Secured GET /products?page=0&size=12&sort=createdAt,desc&categorySlug=men-shirts
2026-05-18T21:27:25.566+05:30 DEBUG 17920 --- [nio-8080-exec-5] o.s.security.web.FilterChainProxy        : Securing GET /uploads/yoga-mat.svg
2026-05-18T21:27:25.567+05:30 DEBUG 17920 --- [nio-8080-exec-5] o.s.s.w.a.AnonymousAuthenticationFilter  : Set SecurityContextHolder to anonymous SecurityContext
2026-05-18T21:27:25.566+05:30 DEBUG 17920 --- [nio-8080-exec-4] o.s.security.web.FilterChainProxy        : Securing GET /uploads/headphones.svg
2026-05-18T21:27:25.566+05:30 DEBUG 17920 --- [nio-8080-exec-7] o.s.security.web.FilterChainProxy        : Securing GET /uploads/lamp.svg
2026-05-18T21:27:25.568+05:30 DEBUG 17920 --- [nio-8080-exec-5] o.s.security.web.FilterChainProxy        : Secured GET /uploads/yoga-mat.svg
2026-05-18T21:27:25.566+05:30 DEBUG 17920 --- [nio-8080-exec-6] o.s.security.web.FilterChainProxy        : Securing GET /uploads/blender.svg
2026-05-18T21:27:25.568+05:30 DEBUG 17920 --- [nio-8080-exec-6] o.s.s.w.a.AnonymousAuthenticationFilter  : Set SecurityContextHolder to anonymous SecurityContext
2026-05-18T21:27:25.567+05:30 DEBUG 17920 --- [nio-8080-exec-3] o.s.security.web.FilterChainProxy        : Securing GET /uploads/jacket.svg
2026-05-18T21:27:25.567+05:30 DEBUG 17920 --- [nio-8080-exec-1] o.s.security.web.FilterChainProxy        : Securing GET /uploads/cookbook.svg
2026-05-18T21:27:25.568+05:30 DEBUG 17920 --- [nio-8080-exec-4] o.s.s.w.a.AnonymousAuthenticationFilter  : Set SecurityContextHolder to anonymous SecurityContext
2026-05-18T21:27:25.568+05:30 DEBUG 17920 --- [nio-8080-exec-7] o.s.s.w.a.AnonymousAuthenticationFilter  : Set SecurityContextHolder to anonymous SecurityContext
2026-05-18T21:27:25.569+05:30 DEBUG 17920 --- [nio-8080-exec-3] o.s.s.w.a.AnonymousAuthenticationFilter  : Set SecurityContextHolder to anonymous SecurityContext
2026-05-18T21:27:25.582+05:30 DEBUG 17920 --- [nio-8080-exec-3] o.s.security.web.FilterChainProxy        : Secured GET /uploads/jacket.svg
2026-05-18T21:27:25.570+05:30 DEBUG 17920 --- [nio-8080-exec-6] o.s.security.web.FilterChainProxy        : Secured GET /uploads/blender.svg
2026-05-18T21:27:25.573+05:30 DEBUG 17920 --- [nio-8080-exec-1] o.s.s.w.a.AnonymousAuthenticationFilter  : Set SecurityContextHolder to anonymous SecurityContext
2026-05-18T21:27:25.587+05:30 DEBUG 17920 --- [nio-8080-exec-1] o.s.security.web.FilterChainProxy        : Secured GET /uploads/cookbook.svg
2026-05-18T21:27:25.577+05:30 DEBUG 17920 --- [nio-8080-exec-4] o.s.security.web.FilterChainProxy        : Secured GET /uploads/headphones.svg
2026-05-18T21:27:25.578+05:30 DEBUG 17920 --- [nio-8080-exec-7] o.s.security.web.FilterChainProxy        : Secured GET /uploads/lamp.svg
2026-05-18T21:27:25.599+05:30 DEBUG 17920 --- [io-8080-exec-11] o.s.security.web.FilterChainProxy        : Securing GET /uploads/laptop.svg
2026-05-18T21:27:25.599+05:30 DEBUG 17920 --- [io-8080-exec-11] o.s.s.w.a.AnonymousAuthenticationFilter  : Set SecurityContextHolder to anonymous SecurityContext
2026-05-18T21:27:25.599+05:30 DEBUG 17920 --- [io-8080-exec-10] o.s.security.web.FilterChainProxy        : Securing GET /uploads/sneakers.svg
2026-05-18T21:27:25.600+05:30 DEBUG 17920 --- [io-8080-exec-10] o.s.s.w.a.AnonymousAuthenticationFilter  : Set SecurityContextHolder to anonymous SecurityContext
2026-05-18T21:27:25.602+05:30 DEBUG 17920 --- [io-8080-exec-11] o.s.security.web.FilterChainProxy        : Secured GET /uploads/laptop.svg
2026-05-18T21:27:25.602+05:30 DEBUG 17920 --- [io-8080-exec-10] o.s.security.web.FilterChainProxy        : Secured GET /uploads/sneakers.svg
2026-05-18T21:27:25.612+05:30 DEBUG 17920 --- [nio-8080-exec-8] o.s.security.web.FilterChainProxy        : Securing GET /uploads/phone.svg
2026-05-18T21:27:25.612+05:30 DEBUG 17920 --- [nio-8080-exec-8] o.s.s.w.a.AnonymousAuthenticationFilter  : Set SecurityContextHolder to anonymous SecurityContext
2026-05-18T21:27:25.613+05:30 DEBUG 17920 --- [nio-8080-exec-8] o.s.security.web.FilterChainProxy        : Secured GET /uploads/phone.svg
2026-05-18T21:27:25.616+05:30 DEBUG 17920 --- [nio-8080-exec-1] o.s.security.web.FilterChainProxy        : Securing GET /uploads/tshirt.svg
2026-05-18T21:27:25.618+05:30 DEBUG 17920 --- [nio-8080-exec-1] o.s.s.w.a.AnonymousAuthenticationFilter  : Set SecurityContextHolder to anonymous SecurityContext
2026-05-18T21:27:25.620+05:30 DEBUG 17920 --- [nio-8080-exec-1] o.s.security.web.FilterChainProxy        : Secured GET /uploads/tshirt.svg
2026-05-18T21:27:28.452+05:30 DEBUG 17920 --- [nio-8080-exec-2] o.s.security.web.FilterChainProxy        : Securing GET /categories/tree
2026-05-18T21:27:28.458+05:30 DEBUG 17920 --- [nio-8080-exec-2] o.s.s.w.a.AnonymousAuthenticationFilter  : Set SecurityContextHolder to anonymous SecurityContext
2026-05-18T21:27:28.459+05:30 DEBUG 17920 --- [nio-8080-exec-2] o.s.security.web.FilterChainProxy        : Secured GET /categories/tree
2026-05-18T21:27:30.644+05:30 DEBUG 17920 --- [nio-8080-exec-5] o.s.security.web.FilterChainProxy        : Securing GET /banners/active
2026-05-18T21:27:30.647+05:30 DEBUG 17920 --- [nio-8080-exec-5] o.s.s.w.a.AnonymousAuthenticationFilter  : Set SecurityContextHolder to anonymous SecurityContext
2026-05-18T21:27:30.649+05:30 DEBUG 17920 --- [nio-8080-exec-4] o.s.security.web.FilterChainProxy        : Securing GET /categories/tree
2026-05-18T21:27:30.649+05:30 DEBUG 17920 --- [nio-8080-exec-5] o.s.security.web.FilterChainProxy        : Secured GET /banners/active
2026-05-18T21:27:30.659+05:30 DEBUG 17920 --- [nio-8080-exec-4] o.s.s.w.a.AnonymousAuthenticationFilter  : Set SecurityContextHolder to anonymous SecurityContext
2026-05-18T21:27:30.661+05:30 DEBUG 17920 --- [nio-8080-exec-4] o.s.security.web.FilterChainProxy        : Secured GET /categories/tree
2026-05-18T21:27:30.662+05:30 DEBUG 17920 --- [io-8080-exec-10] o.s.security.web.FilterChainProxy        : Securing GET /products/featured
2026-05-18T21:27:30.662+05:30 DEBUG 17920 --- [io-8080-exec-10] o.s.s.w.a.AnonymousAuthenticationFilter  : Set SecurityContextHolder to anonymous SecurityContext
2026-05-18T21:27:30.662+05:30 DEBUG 17920 --- [io-8080-exec-10] o.s.security.web.FilterChainProxy        : Secured GET /products/featured
2026-05-18T21:27:30.692+05:30 DEBUG 17920 --- [nio-8080-exec-3] o.s.security.web.FilterChainProxy        : Securing GET /uploads/banner1.svg
2026-05-18T21:27:30.692+05:30 DEBUG 17920 --- [io-8080-exec-11] o.s.security.web.FilterChainProxy        : Securing GET /uploads/banner2.svg
2026-05-18T21:27:30.694+05:30 DEBUG 17920 --- [nio-8080-exec-6] o.s.security.web.FilterChainProxy        : Securing GET /uploads/banner3.svg
2026-05-18T21:27:30.694+05:30 DEBUG 17920 --- [nio-8080-exec-3] o.s.s.w.a.AnonymousAuthenticationFilter  : Set SecurityContextHolder to anonymous SecurityContext
2026-05-18T21:27:30.694+05:30 DEBUG 17920 --- [io-8080-exec-11] o.s.s.w.a.AnonymousAuthenticationFilter  : Set SecurityContextHolder to anonymous SecurityContext
2026-05-18T21:27:30.695+05:30 DEBUG 17920 --- [nio-8080-exec-3] o.s.security.web.FilterChainProxy        : Secured GET /uploads/banner1.svg
2026-05-18T21:27:30.694+05:30 DEBUG 17920 --- [nio-8080-exec-6] o.s.s.w.a.AnonymousAuthenticationFilter  : Set SecurityContextHolder to anonymous SecurityContext
2026-05-18T21:27:30.695+05:30 DEBUG 17920 --- [io-8080-exec-11] o.s.security.web.FilterChainProxy        : Secured GET /uploads/banner2.svg
2026-05-18T21:27:30.695+05:30 DEBUG 17920 --- [nio-8080-exec-6] o.s.security.web.FilterChainProxy        : Secured GET /uploads/banner3.svg
2026-05-18T21:27:30.731+05:30 DEBUG 17920 --- [nio-8080-exec-8] o.s.security.web.FilterChainProxy        : Securing GET /uploads/laptop.svg
2026-05-18T21:27:30.732+05:30 DEBUG 17920 --- [nio-8080-exec-8] o.s.s.w.a.AnonymousAuthenticationFilter  : Set SecurityContextHolder to anonymous SecurityContext
2026-05-18T21:27:30.736+05:30 DEBUG 17920 --- [nio-8080-exec-8] o.s.security.web.FilterChainProxy        : Secured GET /uploads/laptop.svg
2026-05-18T21:27:30.740+05:30 DEBUG 17920 --- [nio-8080-exec-7] o.s.security.web.FilterChainProxy        : Securing GET /uploads/phone.svg
2026-05-18T21:27:30.742+05:30 DEBUG 17920 --- [nio-8080-exec-7] o.s.s.w.a.AnonymousAuthenticationFilter  : Set SecurityContextHolder to anonymous SecurityContext
2026-05-18T21:27:30.743+05:30 DEBUG 17920 --- [nio-8080-exec-7] o.s.security.web.FilterChainProxy        : Secured GET /uploads/phone.svg
2026-05-18T21:27:30.745+05:30 DEBUG 17920 --- [nio-8080-exec-1] o.s.security.web.FilterChainProxy        : Securing GET /uploads/blender.svg
2026-05-18T21:27:30.747+05:30 DEBUG 17920 --- [io-8080-exec-10] o.s.security.web.FilterChainProxy        : Securing GET /uploads/sneakers.svg
2026-05-18T21:27:30.746+05:30 DEBUG 17920 --- [nio-8080-exec-2] o.s.security.web.FilterChainProxy        : Securing GET /uploads/cookbook.svg
2026-05-18T21:27:30.747+05:30 DEBUG 17920 --- [nio-8080-exec-1] o.s.s.w.a.AnonymousAuthenticationFilter  : Set SecurityContextHolder to anonymous SecurityContext
2026-05-18T21:27:30.747+05:30 DEBUG 17920 --- [io-8080-exec-10] o.s.s.w.a.AnonymousAuthenticationFilter  : Set SecurityContextHolder to anonymous SecurityContext
2026-05-18T21:27:30.748+05:30 DEBUG 17920 --- [nio-8080-exec-1] o.s.security.web.FilterChainProxy        : Secured GET /uploads/blender.svg
2026-05-18T21:27:30.747+05:30 DEBUG 17920 --- [nio-8080-exec-2] o.s.s.w.a.AnonymousAuthenticationFilter  : Set SecurityContextHolder to anonymous SecurityContext
2026-05-18T21:27:30.749+05:30 DEBUG 17920 --- [nio-8080-exec-5] o.s.security.web.FilterChainProxy        : Securing GET /uploads/headphones.svg
2026-05-18T21:27:30.750+05:30 DEBUG 17920 --- [nio-8080-exec-5] o.s.s.w.a.AnonymousAuthenticationFilter  : Set SecurityContextHolder to anonymous SecurityContext
2026-05-18T21:27:30.748+05:30 DEBUG 17920 --- [io-8080-exec-10] o.s.security.web.FilterChainProxy        : Secured GET /uploads/sneakers.svg
2026-05-18T21:27:30.751+05:30 DEBUG 17920 --- [nio-8080-exec-5] o.s.security.web.FilterChainProxy        : Secured GET /uploads/headphones.svg
2026-05-18T21:27:30.750+05:30 DEBUG 17920 --- [nio-8080-exec-2] o.s.security.web.FilterChainProxy        : Secured GET /uploads/cookbook.svg
2026-05-18T21:27:30.760+05:30 DEBUG 17920 --- [nio-8080-exec-4] o.s.security.web.FilterChainProxy        : Securing GET /uploads/tshirt.svg
2026-05-18T21:27:30.761+05:30 DEBUG 17920 --- [nio-8080-exec-4] o.s.s.w.a.AnonymousAuthenticationFilter  : Set SecurityContextHolder to anonymous SecurityContext
2026-05-18T21:27:30.762+05:30 DEBUG 17920 --- [nio-8080-exec-4] o.s.security.web.FilterChainProxy        : Secured GET /uploads/tshirt.svg
